#
# There is insufficient memory for the Java Runtime Environment to continue.
# Native memory allocation (malloc) failed to allocate 2097152 bytes for AllocateHeap
# Possible reasons:
#   The system is out of physical RAM or swap space
#   The process is running with CompressedOops enabled, and the Java Heap may be blocking the growth of the native heap
# Possible solutions:
#   Reduce memory load on the system
#   Increase physical memory or swap space
#   Check if swap backing store is full
#   Decrease Java heap size (-Xmx/-Xms)
#   Decrease number of Java threads
#   Decrease Java thread stack sizes (-Xss)
#   Set larger code cache with -XX:ReservedCodeCacheSize=
#   JVM is running with Unscaled Compressed Oops mode in which the Java heap is
#     placed in the first 4GB address space. The Java Heap base address is the
#     maximum limit for the native heap growth. Please use -XX:HeapBaseMinAddress
#     to set the Java Heap base and to place the Java Heap above 4GB virtual address.
# This output file may be truncated or incomplete.
#
#  Out of Memory Error (allocation.cpp:44), pid=16620, tid=2356
#
# JRE version: OpenJDK Runtime Environment Temurin-17.0.7+7 (17.0.7+7) (build 17.0.7+7)
# Java VM: OpenJDK 64-Bit Server VM Temurin-17.0.7+7 (17.0.7+7, mixed mode, emulated-client, tiered, compressed oops, compressed class ptrs, g1 gc, windows-amd64)
# No core dump will be written. Minidumps are not enabled by default on client versions of Windows
#

---------------  S U M M A R Y ------------

Command Line: -XX:+HeapDumpOnOutOfMemoryError -Xmx1024m -Dsts.lsp.client=vscode -Dsts.log.file=/dev/null -XX:TieredStopAtLevel=1 -Xlog:jni+resolve=off -Dspring.config.location=file:c:\Users\mohamed amine tebbin\.vscode\extensions\vmware.vscode-spring-boot-1.47.0\language-server\BOOT-INF\classes\application.properties org.springframework.ide.vscode.boot.app.BootLanguageServerBootApp

Host: Intel(R) Core(TM) i5-10300H CPU @ 2.50GHz, 8 cores, 15G,  Windows 11 , 64 bit Build 22621 (10.0.22621.2070)
Time: Thu Aug  3 05:12:18 2023 W. Central Africa Standard Time elapsed time: 14864.316238 seconds (0d 4h 7m 44s)

---------------  T H R E A D  ---------------

Current thread (0x0000014843010b80):  VMThread "VM Thread" [stack: 0x00000035f6600000,0x00000035f6700000] [id=2356]

Stack: [0x00000035f6600000,0x00000035f6700000]
Native frames: (J=compiled Java code, j=interpreted, Vv=VM code, C=native code)
V  [jvm.dll+0x67754a]
V  [jvm.dll+0x834304]
V  [jvm.dll+0x835aae]
V  [jvm.dll+0x836113]
V  [jvm.dll+0x24696f]
V  [jvm.dll+0xa681f]
V  [jvm.dll+0x2f7481]
V  [jvm.dll+0x2f30f0]
V  [jvm.dll+0x2db6c7]
V  [jvm.dll+0x31e777]
V  [jvm.dll+0x83a5bb]
V  [jvm.dll+0x83b2f4]
V  [jvm.dll+0x83b80c]
V  [jvm.dll+0x83bbe4]
V  [jvm.dll+0x83bcb0]
V  [jvm.dll+0x7e4e7a]
V  [jvm.dll+0x676395]
C  [ucrtbase.dll+0x29363]
C  [KERNEL32.DLL+0x126ad]
C  [ntdll.dll+0x5aa68]

VM_Operation (0x00000035f7ffebe0): G1CollectFull, mode: safepoint, requested by thread 0x0000014843bac030


---------------  P R O C E S S  ---------------

Threads class SMR info:
_java_thread_list=0x000001484ea0acf0, length=28, elements={
0x000001483ed034b0, 0x000001483ed03e60, 0x000001483ed07800, 0x0000014843062400,
0x0000014843064cd0, 0x0000014843065590, 0x0000014843065e50, 0x0000014843066750,
0x00000148432607f0, 0x000001484326eee0, 0x000001484466f010, 0x0000014843c87d10,
0x0000014843bac030, 0x0000014843bad920, 0x0000014833eb7dc0, 0x0000014844440140,
0x00000148447d4500, 0x00000148439a3060, 0x00000148439a3530, 0x0000014844a19bc0,
0x0000014844a16ba0, 0x000001484da6d480, 0x000001484da66f70, 0x000001484da682b0,
0x000001484da67440, 0x000001484da6bc70, 0x000001484da68780, 0x000001484da67910
}

Java Threads: ( => current thread )
  0x000001483ed034b0 JavaThread "Reference Handler" daemon [_thread_blocked, id=9900, stack(0x00000035f6700000,0x00000035f6800000)]
  0x000001483ed03e60 JavaThread "Finalizer" daemon [_thread_blocked, id=8216, stack(0x00000035f6800000,0x00000035f6900000)]
  0x000001483ed07800 JavaThread "Signal Dispatcher" daemon [_thread_blocked, id=11780, stack(0x00000035f6900000,0x00000035f6a00000)]
  0x0000014843062400 JavaThread "Attach Listener" daemon [_thread_blocked, id=5332, stack(0x00000035f6a00000,0x00000035f6b00000)]
  0x0000014843064cd0 JavaThread "Service Thread" daemon [_thread_blocked, id=24464, stack(0x00000035f6b00000,0x00000035f6c00000)]
  0x0000014843065590 JavaThread "Monitor Deflation Thread" daemon [_thread_blocked, id=17452, stack(0x00000035f6c00000,0x00000035f6d00000)]
  0x0000014843065e50 JavaThread "C1 CompilerThread0" daemon [_thread_blocked, id=19672, stack(0x00000035f6d00000,0x00000035f6e00000)]
  0x0000014843066750 JavaThread "Sweeper thread" daemon [_thread_blocked, id=7520, stack(0x00000035f6e00000,0x00000035f6f00000)]
  0x00000148432607f0 JavaThread "Notification Thread" daemon [_thread_blocked, id=1412, stack(0x00000035f7000000,0x00000035f7100000)]
  0x000001484326eee0 JavaThread "Common-Cleaner" daemon [_thread_blocked, id=24060, stack(0x00000035f7200000,0x00000035f7300000)]
  0x000001484466f010 JavaThread "boundedElastic-evictor-1" daemon [_thread_blocked, id=12240, stack(0x00000035f7a00000,0x00000035f7b00000)]
  0x0000014843c87d10 JavaThread "boundedElastic-evictor-2" daemon [_thread_blocked, id=9912, stack(0x00000035f7e00000,0x00000035f7f00000)]
  0x0000014843bac030 JavaThread "pool-10-thread-1" [_thread_blocked, id=10724, stack(0x00000035f7f00000,0x00000035f8000000)]
  0x0000014843bad920 JavaThread "LanguageServerApp-lifecycle" [_thread_blocked, id=18196, stack(0x00000035f8000000,0x00000035f8100000)]
  0x0000014833eb7dc0 JavaThread "DestroyJavaVM" [_thread_blocked, id=21488, stack(0x00000035f6000000,0x00000035f6100000)]
  0x0000014844440140 JavaThread "pool-11-thread-1" [_thread_in_native, id=16392, stack(0x00000035f8100000,0x00000035f8200000)]
  0x00000148447d4500 JavaThread "Simple-Language-Server main thread" daemon [_thread_blocked, id=19360, stack(0x00000035f8200000,0x00000035f8300000)]
  0x00000148439a3060 JavaThread "pool-6-thread-1" [_thread_blocked, id=14224, stack(0x00000035f8600000,0x00000035f8700000)]
  0x00000148439a3530 JavaThread "parallel-1" daemon [_thread_blocked, id=20516, stack(0x00000035f8800000,0x00000035f8900000)]
  0x0000014844a19bc0 JavaThread "pool-4-thread-1" [_thread_blocked, id=10096, stack(0x00000035f9800000,0x00000035f9900000)]
  0x0000014844a16ba0 JavaThread "parallel-2" daemon [_thread_blocked, id=24316, stack(0x00000035f9900000,0x00000035f9a00000)]
  0x000001484da6d480 JavaThread "parallel-3" daemon [_thread_blocked, id=23324, stack(0x00000035f5e00000,0x00000035f5f00000)]
  0x000001484da66f70 JavaThread "parallel-4" daemon [_thread_blocked, id=25848, stack(0x00000035fa400000,0x00000035fa500000)]
  0x000001484da682b0 JavaThread "parallel-5" daemon [_thread_blocked, id=14780, stack(0x00000035fba00000,0x00000035fbb00000)]
  0x000001484da67440 JavaThread "parallel-6" daemon [_thread_blocked, id=2736, stack(0x00000035fbb00000,0x00000035fbc00000)]
  0x000001484da6bc70 JavaThread "parallel-7" daemon [_thread_blocked, id=15220, stack(0x00000035f8a00000,0x00000035f8b00000)]
  0x000001484da68780 JavaThread "parallel-8" daemon [_thread_blocked, id=3012, stack(0x00000035f8b00000,0x00000035f8c00000)]
  0x000001484da67910 JavaThread "Reconciler-1" daemon [_thread_blocked, id=9612, stack(0x00000035f8d00000,0x00000035f8e00000)]

Other Threads:
=>0x0000014843010b80 VMThread "VM Thread" [stack: 0x00000035f6600000,0x00000035f6700000] [id=2356]
  0x0000014843260cc0 WatcherThread [stack: 0x00000035f7100000,0x00000035f7200000] [id=14892]
  0x0000014833ef8580 GCTaskThread "GC Thread#0" [stack: 0x00000035f6100000,0x00000035f6200000] [id=11068]
  0x0000014843ce9cf0 GCTaskThread "GC Thread#1" [stack: 0x00000035f7300000,0x00000035f7400000] [id=15644]
  0x0000014843d40c60 GCTaskThread "GC Thread#2" [stack: 0x00000035f7400000,0x00000035f7500000] [id=25896]
  0x00000148430da860 GCTaskThread "GC Thread#3" [stack: 0x00000035f7500000,0x00000035f7600000] [id=25900]
  0x00000148430dab10 GCTaskThread "GC Thread#4" [stack: 0x00000035f7600000,0x00000035f7700000] [id=22880]
  0x0000014843bfe7f0 GCTaskThread "GC Thread#5" [stack: 0x00000035f7700000,0x00000035f7800000] [id=11304]
  0x0000014843f188d0 GCTaskThread "GC Thread#6" [stack: 0x00000035f7800000,0x00000035f7900000] [id=16492]
  0x0000014843f00d50 GCTaskThread "GC Thread#7" [stack: 0x00000035f7900000,0x00000035f7a00000] [id=5132]
  0x0000014833f014c0 ConcurrentGCThread "G1 Main Marker" [stack: 0x00000035f6200000,0x00000035f6300000] [id=2580]
  0x0000014833f01ed0 ConcurrentGCThread "G1 Conc#0" [stack: 0x00000035f6300000,0x00000035f6400000] [id=13308]
  0x00000148440d5460 ConcurrentGCThread "G1 Conc#1" [stack: 0x00000035f7d00000,0x00000035f7e00000] [id=20944]
  0x0000014833f6dbc0 ConcurrentGCThread "G1 Refine#0" [stack: 0x00000035f6400000,0x00000035f6500000] [id=17188]
  0x000001484511d680 ConcurrentGCThread "G1 Refine#1" [stack: 0x00000035f9a00000,0x00000035f9b00000] [id=7116]
  0x00000148439a9ae0 ConcurrentGCThread "G1 Refine#2" [stack: 0x00000035f9b00000,0x00000035f9c00000] [id=22808]
  0x0000014844b28410 ConcurrentGCThread "G1 Refine#3" [stack: 0x00000035f9c00000,0x00000035f9d00000] [id=14588]
  0x0000014844a634c0 ConcurrentGCThread "G1 Refine#4" [stack: 0x00000035f9d00000,0x00000035f9e00000] [id=14660]
  0x0000014845aab190 ConcurrentGCThread "G1 Refine#5" [stack: 0x00000035fa500000,0x00000035fa600000] [id=23528]
  0x0000014845ca6770 ConcurrentGCThread "G1 Refine#6" [stack: 0x00000035fa600000,0x00000035fa700000] [id=7420]
  0x0000014845c81770 ConcurrentGCThread "G1 Refine#7" [stack: 0x00000035fa700000,0x00000035fa800000] [id=25220]
  0x0000014833f6e5e0 ConcurrentGCThread "G1 Service" [stack: 0x00000035f6500000,0x00000035f6600000] [id=2160]

Threads with active compile tasks:

VM state: at safepoint (normal execution)

VM Mutex/Monitor currently owned by a thread:  ([mutex/lock_event])
[0x0000014833eb41b0] Threads_lock - owner thread: 0x0000014843010b80
[0x0000014833eb50e0] Heap_lock - owner thread: 0x0000014843bac030

Heap address: 0x00000000c0000000, size: 1024 MB, Compressed Oops mode: 32-bit

CDS archive(s) not mapped
Compressed class space mapped at: 0x0000000100000000-0x0000000140000000, reserved size: 1073741824
Narrow klass base: 0x0000000000000000, Narrow klass shift: 3, Narrow klass range: 0x140000000

GC Precious Log:
 CPUs: 8 total, 8 available
 Memory: 16251M
 Large Page Support: Disabled
 NUMA Support: Disabled
 Compressed Oops: Enabled (32-bit)
 Heap Region Size: 1M
 Heap Min Capacity: 8M
 Heap Initial Capacity: 254M
 Heap Max Capacity: 1G
 Pre-touch: Disabled
 Parallel Workers: 8
 Concurrent Workers: 2
 Concurrent Refinement Workers: 8
 Periodic GC: Disabled

Heap:
 garbage-first heap   total 304128K, used 89735K [0x00000000c0000000, 0x0000000100000000)
  region size 1024K, 1 young (1024K), 0 survivors (0K)
 Metaspace       used 77118K, committed 77760K, reserved 1179648K
  class space    used 10596K, committed 10880K, reserved 1048576K

Heap Regions: E=young(eden), S=young(survivor), O=old, HS=humongous(starts), HC=humongous(continues), CS=collection set, F=free, OA=open archive, CA=closed archive, TAMS=top-at-mark-start (previous, next)
|   0|0x00000000c0000000, 0x00000000c0100000, 0x00000000c0100000|100%|HS|  |TAMS 0x00000000c0100000, 0x00000000c0000000| Untracked 
|   1|0x00000000c0100000, 0x00000000c01fee20, 0x00000000c0200000| 99%| O|  |TAMS 0x00000000c01fee20, 0x00000000c0100000| Untracked 
|   2|0x00000000c0200000, 0x00000000c0300000, 0x00000000c0300000|100%| O|  |TAMS 0x00000000c0300000, 0x00000000c0200000| Untracked 
|   3|0x00000000c0300000, 0x00000000c0400000, 0x00000000c0400000|100%| O|  |TAMS 0x00000000c0400000, 0x00000000c0300000| Untracked 
|   4|0x00000000c0400000, 0x00000000c04fffe8, 0x00000000c0500000| 99%| O|  |TAMS 0x00000000c04fffe8, 0x00000000c0400000| Untracked 
|   5|0x00000000c0500000, 0x00000000c05fffd0, 0x00000000c0600000| 99%| O|  |TAMS 0x00000000c05fffd0, 0x00000000c0500000| Untracked 
|   6|0x00000000c0600000, 0x00000000c0700000, 0x00000000c0700000|100%| O|  |TAMS 0x00000000c0700000, 0x00000000c0600000| Untracked 
|   7|0x00000000c0700000, 0x00000000c0800000, 0x00000000c0800000|100%| O|  |TAMS 0x00000000c0800000, 0x00000000c0700000| Untracked 
|   8|0x00000000c0800000, 0x00000000c0900000, 0x00000000c0900000|100%| O|  |TAMS 0x00000000c0900000, 0x00000000c0800000| Untracked 
|   9|0x00000000c0900000, 0x00000000c09ffff8, 0x00000000c0a00000| 99%| O|  |TAMS 0x00000000c09ffff8, 0x00000000c0900000| Untracked 
|  10|0x00000000c0a00000, 0x00000000c0afffe0, 0x00000000c0b00000| 99%| O|  |TAMS 0x00000000c0afffe0, 0x00000000c0a00000| Untracked 
|  11|0x00000000c0b00000, 0x00000000c0bfffb8, 0x00000000c0c00000| 99%| O|  |TAMS 0x00000000c0bfffb8, 0x00000000c0b00000| Untracked 
|  12|0x00000000c0c00000, 0x00000000c0cffff8, 0x00000000c0d00000| 99%| O|  |TAMS 0x00000000c0cffff8, 0x00000000c0c00000| Untracked 
|  13|0x00000000c0d00000, 0x00000000c0dffff0, 0x00000000c0e00000| 99%| O|  |TAMS 0x00000000c0dffff0, 0x00000000c0d00000| Untracked 
|  14|0x00000000c0e00000, 0x00000000c0efffc8, 0x00000000c0f00000| 99%| O|  |TAMS 0x00000000c0efffc8, 0x00000000c0e00000| Untracked 
|  15|0x00000000c0f00000, 0x00000000c0ffff98, 0x00000000c1000000| 99%| O|  |TAMS 0x00000000c0ffff98, 0x00000000c0f00000| Untracked 
|  16|0x00000000c1000000, 0x00000000c1100000, 0x00000000c1100000|100%| O|  |TAMS 0x00000000c1100000, 0x00000000c1000000| Untracked 
|  17|0x00000000c1100000, 0x00000000c11fe820, 0x00000000c1200000| 99%| O|  |TAMS 0x00000000c11fe820, 0x00000000c1100000| Untracked 
|  18|0x00000000c1200000, 0x00000000c12fffe8, 0x00000000c1300000| 99%| O|  |TAMS 0x00000000c12fffe8, 0x00000000c1200000| Untracked 
|  19|0x00000000c1300000, 0x00000000c13ffff0, 0x00000000c1400000| 99%| O|  |TAMS 0x00000000c13ffff0, 0x00000000c1300000| Untracked 
|  20|0x00000000c1400000, 0x00000000c14fffe8, 0x00000000c1500000| 99%| O|  |TAMS 0x00000000c14fffe8, 0x00000000c1400000| Untracked 
|  21|0x00000000c1500000, 0x00000000c15ffff0, 0x00000000c1600000| 99%| O|  |TAMS 0x00000000c15ffff0, 0x00000000c1500000| Untracked 
|  22|0x00000000c1600000, 0x00000000c16fffd8, 0x00000000c1700000| 99%| O|  |TAMS 0x00000000c16fffd8, 0x00000000c1600000| Untracked 
|  23|0x00000000c1700000, 0x00000000c17fffd8, 0x00000000c1800000| 99%| O|  |TAMS 0x00000000c17fffd8, 0x00000000c1700000| Untracked 
|  24|0x00000000c1800000, 0x00000000c18fffd8, 0x00000000c1900000| 99%| O|  |TAMS 0x00000000c18fffd8, 0x00000000c1800000| Untracked 
|  25|0x00000000c1900000, 0x00000000c19ffff0, 0x00000000c1a00000| 99%| O|  |TAMS 0x00000000c19ffff0, 0x00000000c1900000| Untracked 
|  26|0x00000000c1a00000, 0x00000000c1b00000, 0x00000000c1b00000|100%| O|  |TAMS 0x00000000c1b00000, 0x00000000c1a00000| Untracked 
|  27|0x00000000c1b00000, 0x00000000c1bffff0, 0x00000000c1c00000| 99%| O|  |TAMS 0x00000000c1bffff0, 0x00000000c1b00000| Untracked 
|  28|0x00000000c1c00000, 0x00000000c1cfffe8, 0x00000000c1d00000| 99%| O|  |TAMS 0x00000000c1cfffe8, 0x00000000c1c00000| Untracked 
|  29|0x00000000c1d00000, 0x00000000c1dffff0, 0x00000000c1e00000| 99%| O|  |TAMS 0x00000000c1dffff0, 0x00000000c1d00000| Untracked 
|  30|0x00000000c1e00000, 0x00000000c1efffb8, 0x00000000c1f00000| 99%| O|  |TAMS 0x00000000c1efffb8, 0x00000000c1e00000| Untracked 
|  31|0x00000000c1f00000, 0x00000000c2000000, 0x00000000c2000000|100%| O|  |TAMS 0x00000000c2000000, 0x00000000c1f00000| Untracked 
|  32|0x00000000c2000000, 0x00000000c20fffe0, 0x00000000c2100000| 99%| O|  |TAMS 0x00000000c20fffe0, 0x00000000c2000000| Untracked 
|  33|0x00000000c2100000, 0x00000000c21fffe0, 0x00000000c2200000| 99%| O|  |TAMS 0x00000000c21fffe0, 0x00000000c2100000| Untracked 
|  34|0x00000000c2200000, 0x00000000c22fff08, 0x00000000c2300000| 99%| O|  |TAMS 0x00000000c22fff08, 0x00000000c2200000| Untracked 
|  35|0x00000000c2300000, 0x00000000c23fffd0, 0x00000000c2400000| 99%| O|  |TAMS 0x00000000c23fffd0, 0x00000000c2300000| Untracked 
|  36|0x00000000c2400000, 0x00000000c24fff98, 0x00000000c2500000| 99%| O|  |TAMS 0x00000000c24fff98, 0x00000000c2400000| Untracked 
|  37|0x00000000c2500000, 0x00000000c2600000, 0x00000000c2600000|100%| O|  |TAMS 0x00000000c2600000, 0x00000000c2500000| Untracked 
|  38|0x00000000c2600000, 0x00000000c2700000, 0x00000000c2700000|100%| O|  |TAMS 0x00000000c2700000, 0x00000000c2600000| Untracked 
|  39|0x00000000c2700000, 0x00000000c2800000, 0x00000000c2800000|100%| O|  |TAMS 0x00000000c2800000, 0x00000000c2700000| Untracked 
|  40|0x00000000c2800000, 0x00000000c28fffb8, 0x00000000c2900000| 99%| O|  |TAMS 0x00000000c28fffb8, 0x00000000c2800000| Untracked 
|  41|0x00000000c2900000, 0x00000000c29ffff8, 0x00000000c2a00000| 99%| O|  |TAMS 0x00000000c29ffff8, 0x00000000c2900000| Untracked 
|  42|0x00000000c2a00000, 0x00000000c2affff0, 0x00000000c2b00000| 99%| O|  |TAMS 0x00000000c2affff0, 0x00000000c2a00000| Untracked 
|  43|0x00000000c2b00000, 0x00000000c2c00000, 0x00000000c2c00000|100%| O|  |TAMS 0x00000000c2c00000, 0x00000000c2b00000| Untracked 
|  44|0x00000000c2c00000, 0x00000000c2d00000, 0x00000000c2d00000|100%| O|  |TAMS 0x00000000c2d00000, 0x00000000c2c00000| Untracked 
|  45|0x00000000c2d00000, 0x00000000c2dff810, 0x00000000c2e00000| 99%| O|  |TAMS 0x00000000c2dff810, 0x00000000c2d00000| Untracked 
|  46|0x00000000c2e00000, 0x00000000c2effff0, 0x00000000c2f00000| 99%| O|  |TAMS 0x00000000c2effff0, 0x00000000c2e00000| Untracked 
|  47|0x00000000c2f00000, 0x00000000c3000000, 0x00000000c3000000|100%| O|  |TAMS 0x00000000c3000000, 0x00000000c2f00000| Untracked 
|  48|0x00000000c3000000, 0x00000000c30ffff8, 0x00000000c3100000| 99%| O|  |TAMS 0x00000000c30ffff8, 0x00000000c3000000| Untracked 
|  49|0x00000000c3100000, 0x00000000c3200000, 0x00000000c3200000|100%| O|  |TAMS 0x00000000c3200000, 0x00000000c3100000| Untracked 
|  50|0x00000000c3200000, 0x00000000c32fff98, 0x00000000c3300000| 99%| O|  |TAMS 0x00000000c32fff98, 0x00000000c3200000| Untracked 
|  51|0x00000000c3300000, 0x00000000c33fffe0, 0x00000000c3400000| 99%| O|  |TAMS 0x00000000c33fffe0, 0x00000000c3300000| Untracked 
|  52|0x00000000c3400000, 0x00000000c34fffc8, 0x00000000c3500000| 99%| O|  |TAMS 0x00000000c34fffc8, 0x00000000c3400000| Untracked 
|  53|0x00000000c3500000, 0x00000000c3600000, 0x00000000c3600000|100%|HS|  |TAMS 0x00000000c3600000, 0x00000000c3500000| Untracked 
|  54|0x00000000c3600000, 0x00000000c3700000, 0x00000000c3700000|100%|HC|  |TAMS 0x00000000c3700000, 0x00000000c3600000| Untracked 
|  55|0x00000000c3700000, 0x00000000c3800000, 0x00000000c3800000|100%|HS|  |TAMS 0x00000000c3800000, 0x00000000c3700000| Untracked 
|  56|0x00000000c3800000, 0x00000000c38fe010, 0x00000000c3900000| 99%| O|  |TAMS 0x00000000c38fe010, 0x00000000c3800000| Untracked 
|  57|0x00000000c3900000, 0x00000000c39fffe8, 0x00000000c3a00000| 99%| O|  |TAMS 0x00000000c39fffe8, 0x00000000c3900000| Untracked 
|  58|0x00000000c3a00000, 0x00000000c3b00000, 0x00000000c3b00000|100%| O|  |TAMS 0x00000000c3b00000, 0x00000000c3a00000| Untracked 
|  59|0x00000000c3b00000, 0x00000000c3bfff18, 0x00000000c3c00000| 99%| O|  |TAMS 0x00000000c3bfff18, 0x00000000c3b00000| Untracked 
|  60|0x00000000c3c00000, 0x00000000c3cfffe0, 0x00000000c3d00000| 99%| O|  |TAMS 0x00000000c3cfffe0, 0x00000000c3c00000| Untracked 
|  61|0x00000000c3d00000, 0x00000000c3e00000, 0x00000000c3e00000|100%| O|  |TAMS 0x00000000c3e00000, 0x00000000c3d00000| Untracked 
|  62|0x00000000c3e00000, 0x00000000c3effff0, 0x00000000c3f00000| 99%| O|  |TAMS 0x00000000c3effff0, 0x00000000c3e00000| Untracked 
|  63|0x00000000c3f00000, 0x00000000c3ffffc0, 0x00000000c4000000| 99%| O|  |TAMS 0x00000000c3ffffc0, 0x00000000c3f00000| Untracked 
|  64|0x00000000c4000000, 0x00000000c40ffff8, 0x00000000c4100000| 99%| O|  |TAMS 0x00000000c40ffff8, 0x00000000c4000000| Untracked 
|  65|0x00000000c4100000, 0x00000000c41fff10, 0x00000000c4200000| 99%| O|  |TAMS 0x00000000c41fff10, 0x00000000c4100000| Untracked 
|  66|0x00000000c4200000, 0x00000000c42ffff0, 0x00000000c4300000| 99%| O|  |TAMS 0x00000000c42ffff0, 0x00000000c4200000| Untracked 
|  67|0x00000000c4300000, 0x00000000c4400000, 0x00000000c4400000|100%| O|  |TAMS 0x00000000c4400000, 0x00000000c4300000| Untracked 
|  68|0x00000000c4400000, 0x00000000c44fffe8, 0x00000000c4500000| 99%| O|  |TAMS 0x00000000c44fffe8, 0x00000000c4400000| Untracked 
|  69|0x00000000c4500000, 0x00000000c4600000, 0x00000000c4600000|100%| O|  |TAMS 0x00000000c4600000, 0x00000000c4500000| Untracked 
|  70|0x00000000c4600000, 0x00000000c46b9fe0, 0x00000000c4700000| 72%| O|  |TAMS 0x00000000c4600000, 0x00000000c4600000| Untracked 
|  71|0x00000000c4700000, 0x00000000c47fffe0, 0x00000000c4800000| 99%| O|  |TAMS 0x00000000c47fffe0, 0x00000000c4700000| Untracked 
|  72|0x00000000c4800000, 0x00000000c48fffc8, 0x00000000c4900000| 99%| O|  |TAMS 0x00000000c48fffc8, 0x00000000c4800000| Untracked 
|  73|0x00000000c4900000, 0x00000000c49fffe0, 0x00000000c4a00000| 99%| O|  |TAMS 0x00000000c49fffe0, 0x00000000c4900000| Untracked 
|  74|0x00000000c4a00000, 0x00000000c4afffe0, 0x00000000c4b00000| 99%| O|  |TAMS 0x00000000c4afffe0, 0x00000000c4a00000| Untracked 
|  75|0x00000000c4b00000, 0x00000000c4bd1a18, 0x00000000c4c00000| 81%| O|  |TAMS 0x00000000c4b00000, 0x00000000c4b00000| Untracked 
|  76|0x00000000c4c00000, 0x00000000c4c284f0, 0x00000000c4d00000| 15%| O|  |TAMS 0x00000000c4c00000, 0x00000000c4c00000| Untracked 
|  77|0x00000000c4d00000, 0x00000000c4d00000, 0x00000000c4e00000|  0%| F|  |TAMS 0x00000000c4d00000, 0x00000000c4d00000| Untracked 
|  78|0x00000000c4e00000, 0x00000000c4e00000, 0x00000000c4f00000|  0%| F|  |TAMS 0x00000000c4e00000, 0x00000000c4e00000| Untracked 
|  79|0x00000000c4f00000, 0x00000000c4f00000, 0x00000000c5000000|  0%| F|  |TAMS 0x00000000c4f00000, 0x00000000c4f00000| Untracked 
|  80|0x00000000c5000000, 0x00000000c5000000, 0x00000000c5100000|  0%| F|  |TAMS 0x00000000c5000000, 0x00000000c5000000| Untracked 
|  81|0x00000000c5100000, 0x00000000c5200000, 0x00000000c5200000|100%| O|  |TAMS 0x00000000c5200000, 0x00000000c5100000| Untracked 
|  82|0x00000000c5200000, 0x00000000c52ffff0, 0x00000000c5300000| 99%| O|  |TAMS 0x00000000c52ffff0, 0x00000000c5200000| Untracked 
|  83|0x00000000c5300000, 0x00000000c5300000, 0x00000000c5400000|  0%| F|  |TAMS 0x00000000c5300000, 0x00000000c5300000| Untracked 
|  84|0x00000000c5400000, 0x00000000c5400000, 0x00000000c5500000|  0%| F|  |TAMS 0x00000000c5400000, 0x00000000c5400000| Untracked 
|  85|0x00000000c5500000, 0x00000000c5500000, 0x00000000c5600000|  0%| F|  |TAMS 0x00000000c5500000, 0x00000000c5500000| Untracked 
|  86|0x00000000c5600000, 0x00000000c5600000, 0x00000000c5700000|  0%| F|  |TAMS 0x00000000c5600000, 0x00000000c5600000| Untracked 
|  87|0x00000000c5700000, 0x00000000c5700000, 0x00000000c5800000|  0%| F|  |TAMS 0x00000000c5700000, 0x00000000c5700000| Untracked 
|  88|0x00000000c5800000, 0x00000000c5800000, 0x00000000c5900000|  0%| F|  |TAMS 0x00000000c5800000, 0x00000000c5800000| Untracked 
|  89|0x00000000c5900000, 0x00000000c5900000, 0x00000000c5a00000|  0%| F|  |TAMS 0x00000000c5900000, 0x00000000c5900000| Untracked 
|  90|0x00000000c5a00000, 0x00000000c5a00000, 0x00000000c5b00000|  0%| F|  |TAMS 0x00000000c5a00000, 0x00000000c5a00000| Untracked 
|  91|0x00000000c5b00000, 0x00000000c5b00000, 0x00000000c5c00000|  0%| F|  |TAMS 0x00000000c5b00000, 0x00000000c5b00000| Untracked 
|  92|0x00000000c5c00000, 0x00000000c5c00000, 0x00000000c5d00000|  0%| F|  |TAMS 0x00000000c5c00000, 0x00000000c5c00000| Untracked 
|  93|0x00000000c5d00000, 0x00000000c5d00000, 0x00000000c5e00000|  0%| F|  |TAMS 0x00000000c5d00000, 0x00000000c5d00000| Untracked 
|  94|0x00000000c5e00000, 0x00000000c5e00000, 0x00000000c5f00000|  0%| F|  |TAMS 0x00000000c5e00000, 0x00000000c5e00000| Untracked 
|  95|0x00000000c5f00000, 0x00000000c5f00000, 0x00000000c6000000|  0%| F|  |TAMS 0x00000000c5f00000, 0x00000000c5f00000| Untracked 
|  96|0x00000000c6000000, 0x00000000c6000000, 0x00000000c6100000|  0%| F|  |TAMS 0x00000000c6000000, 0x00000000c6000000| Untracked 
|  97|0x00000000c6100000, 0x00000000c61fc560, 0x00000000c6200000| 98%| O|  |TAMS 0x00000000c61fc560, 0x00000000c6100000| Untracked 
|  98|0x00000000c6200000, 0x00000000c6200000, 0x00000000c6300000|  0%| F|  |TAMS 0x00000000c6200000, 0x00000000c6200000| Untracked 
|  99|0x00000000c6300000, 0x00000000c6300000, 0x00000000c6400000|  0%| F|  |TAMS 0x00000000c6300000, 0x00000000c6300000| Untracked 
| 100|0x00000000c6400000, 0x00000000c6400000, 0x00000000c6500000|  0%| F|  |TAMS 0x00000000c6400000, 0x00000000c6400000| Untracked 
| 101|0x00000000c6500000, 0x00000000c6500000, 0x00000000c6600000|  0%| F|  |TAMS 0x00000000c6500000, 0x00000000c6500000| Untracked 
| 102|0x00000000c6600000, 0x00000000c6600000, 0x00000000c6700000|  0%| F|  |TAMS 0x00000000c6600000, 0x00000000c6600000| Untracked 
| 103|0x00000000c6700000, 0x00000000c6700000, 0x00000000c6800000|  0%| F|  |TAMS 0x00000000c6700000, 0x00000000c6700000| Untracked 
| 104|0x00000000c6800000, 0x00000000c6900000, 0x00000000c6900000|100%| O|  |TAMS 0x00000000c6900000, 0x00000000c6800000| Untracked 
| 105|0x00000000c6900000, 0x00000000c6900000, 0x00000000c6a00000|  0%| F|  |TAMS 0x00000000c6900000, 0x00000000c6900000| Untracked 
| 106|0x00000000c6a00000, 0x00000000c6b00000, 0x00000000c6b00000|100%|HS|  |TAMS 0x00000000c6b00000, 0x00000000c6a00000| Untracked 
| 107|0x00000000c6b00000, 0x00000000c6b00000, 0x00000000c6c00000|  0%| F|  |TAMS 0x00000000c6b00000, 0x00000000c6b00000| Untracked 
| 108|0x00000000c6c00000, 0x00000000c6cffff0, 0x00000000c6d00000| 99%| O|  |TAMS 0x00000000c6cffff0, 0x00000000c6c00000| Untracked 
| 109|0x00000000c6d00000, 0x00000000c6d00000, 0x00000000c6e00000|  0%| F|  |TAMS 0x00000000c6d00000, 0x00000000c6d00000| Untracked 
| 110|0x00000000c6e00000, 0x00000000c6e00000, 0x00000000c6f00000|  0%| F|  |TAMS 0x00000000c6e00000, 0x00000000c6e00000| Untracked 
| 111|0x00000000c6f00000, 0x00000000c6f00000, 0x00000000c7000000|  0%| F|  |TAMS 0x00000000c6f00000, 0x00000000c6f00000| Untracked 
| 112|0x00000000c7000000, 0x00000000c7000000, 0x00000000c7100000|  0%| F|  |TAMS 0x00000000c7000000, 0x00000000c7000000| Untracked 
| 113|0x00000000c7100000, 0x00000000c7100000, 0x00000000c7200000|  0%| F|  |TAMS 0x00000000c7100000, 0x00000000c7100000| Untracked 
| 114|0x00000000c7200000, 0x00000000c7200000, 0x00000000c7300000|  0%| F|  |TAMS 0x00000000c7200000, 0x00000000c7200000| Untracked 
| 115|0x00000000c7300000, 0x00000000c7300000, 0x00000000c7400000|  0%| F|  |TAMS 0x00000000c7300000, 0x00000000c7300000| Untracked 
| 116|0x00000000c7400000, 0x00000000c7400000, 0x00000000c7500000|  0%| F|  |TAMS 0x00000000c7400000, 0x00000000c7400000| Untracked 
| 117|0x00000000c7500000, 0x00000000c7500000, 0x00000000c7600000|  0%| F|  |TAMS 0x00000000c7500000, 0x00000000c7500000| Untracked 
| 118|0x00000000c7600000, 0x00000000c7600000, 0x00000000c7700000|  0%| F|  |TAMS 0x00000000c7600000, 0x00000000c7600000| Untracked 
| 119|0x00000000c7700000, 0x00000000c7700000, 0x00000000c7800000|  0%| F|  |TAMS 0x00000000c7700000, 0x00000000c7700000| Untracked 
| 120|0x00000000c7800000, 0x00000000c7800000, 0x00000000c7900000|  0%| F|  |TAMS 0x00000000c7800000, 0x00000000c7800000| Untracked 
| 121|0x00000000c7900000, 0x00000000c7900000, 0x00000000c7a00000|  0%| F|  |TAMS 0x00000000c7900000, 0x00000000c7900000| Untracked 
| 122|0x00000000c7a00000, 0x00000000c7a00000, 0x00000000c7b00000|  0%| F|  |TAMS 0x00000000c7a00000, 0x00000000c7a00000| Untracked 
| 123|0x00000000c7b00000, 0x00000000c7b00000, 0x00000000c7c00000|  0%| F|  |TAMS 0x00000000c7b00000, 0x00000000c7b00000| Untracked 
| 124|0x00000000c7c00000, 0x00000000c7c00000, 0x00000000c7d00000|  0%| F|  |TAMS 0x00000000c7c00000, 0x00000000c7c00000| Untracked 
| 125|0x00000000c7d00000, 0x00000000c7d00000, 0x00000000c7e00000|  0%| F|  |TAMS 0x00000000c7d00000, 0x00000000c7d00000| Untracked 
| 126|0x00000000c7e00000, 0x00000000c7e00000, 0x00000000c7f00000|  0%| F|  |TAMS 0x00000000c7e00000, 0x00000000c7e00000| Untracked 
| 127|0x00000000c7f00000, 0x00000000c7f00000, 0x00000000c8000000|  0%| F|  |TAMS 0x00000000c7f00000, 0x00000000c7f00000| Untracked 
| 128|0x00000000c8000000, 0x00000000c8000000, 0x00000000c8100000|  0%| F|  |TAMS 0x00000000c8000000, 0x00000000c8000000| Untracked 
| 129|0x00000000c8100000, 0x00000000c8100000, 0x00000000c8200000|  0%| F|  |TAMS 0x00000000c8100000, 0x00000000c8100000| Untracked 
| 130|0x00000000c8200000, 0x00000000c8200000, 0x00000000c8300000|  0%| F|  |TAMS 0x00000000c8200000, 0x00000000c8200000| Untracked 
| 131|0x00000000c8300000, 0x00000000c8300000, 0x00000000c8400000|  0%| F|  |TAMS 0x00000000c8300000, 0x00000000c8300000| Untracked 
| 132|0x00000000c8400000, 0x00000000c84fffd0, 0x00000000c8500000| 99%| O|  |TAMS 0x00000000c84fffd0, 0x00000000c8400000| Untracked 
| 133|0x00000000c8500000, 0x00000000c8500000, 0x00000000c8600000|  0%| F|  |TAMS 0x00000000c8500000, 0x00000000c8500000| Untracked 
| 134|0x00000000c8600000, 0x00000000c86fffd8, 0x00000000c8700000| 99%| O|  |TAMS 0x00000000c86fffd8, 0x00000000c8600000| Untracked 
| 135|0x00000000c8700000, 0x00000000c87f73b0, 0x00000000c8800000| 96%| O|  |TAMS 0x00000000c87f73b0, 0x00000000c8700000| Untracked 
| 136|0x00000000c8800000, 0x00000000c8800000, 0x00000000c8900000|  0%| F|  |TAMS 0x00000000c8800000, 0x00000000c8800000| Untracked 
| 137|0x00000000c8900000, 0x00000000c8900000, 0x00000000c8a00000|  0%| F|  |TAMS 0x00000000c8900000, 0x00000000c8900000| Untracked 
| 138|0x00000000c8a00000, 0x00000000c8a00000, 0x00000000c8b00000|  0%| F|  |TAMS 0x00000000c8a00000, 0x00000000c8a00000| Untracked 
| 139|0x00000000c8b00000, 0x00000000c8b00000, 0x00000000c8c00000|  0%| F|  |TAMS 0x00000000c8b00000, 0x00000000c8b00000| Untracked 
| 140|0x00000000c8c00000, 0x00000000c8c00000, 0x00000000c8d00000|  0%| F|  |TAMS 0x00000000c8c00000, 0x00000000c8c00000| Untracked 
| 141|0x00000000c8d00000, 0x00000000c8d00000, 0x00000000c8e00000|  0%| F|  |TAMS 0x00000000c8d00000, 0x00000000c8d00000| Untracked 
| 142|0x00000000c8e00000, 0x00000000c8e00000, 0x00000000c8f00000|  0%| F|  |TAMS 0x00000000c8e00000, 0x00000000c8e00000| Untracked 
| 143|0x00000000c8f00000, 0x00000000c8f00000, 0x00000000c9000000|  0%| F|  |TAMS 0x00000000c8f00000, 0x00000000c8f00000| Untracked 
| 144|0x00000000c9000000, 0x00000000c9000000, 0x00000000c9100000|  0%| F|  |TAMS 0x00000000c9000000, 0x00000000c9000000| Untracked 
| 145|0x00000000c9100000, 0x00000000c9100000, 0x00000000c9200000|  0%| F|  |TAMS 0x00000000c9100000, 0x00000000c9100000| Untracked 
| 146|0x00000000c9200000, 0x00000000c9200000, 0x00000000c9300000|  0%| F|  |TAMS 0x00000000c9200000, 0x00000000c9200000| Untracked 
| 147|0x00000000c9300000, 0x00000000c9300000, 0x00000000c9400000|  0%| F|  |TAMS 0x00000000c9300000, 0x00000000c9300000| Untracked 
| 148|0x00000000c9400000, 0x00000000c9400000, 0x00000000c9500000|  0%| F|  |TAMS 0x00000000c9400000, 0x00000000c9400000| Untracked 
| 149|0x00000000c9500000, 0x00000000c9500000, 0x00000000c9600000|  0%| F|  |TAMS 0x00000000c9500000, 0x00000000c9500000| Untracked 
| 150|0x00000000c9600000, 0x00000000c9600000, 0x00000000c9700000|  0%| F|  |TAMS 0x00000000c9600000, 0x00000000c9600000| Untracked 
| 151|0x00000000c9700000, 0x00000000c9700000, 0x00000000c9800000|  0%| F|  |TAMS 0x00000000c9700000, 0x00000000c9700000| Untracked 
| 152|0x00000000c9800000, 0x00000000c9800000, 0x00000000c9900000|  0%| F|  |TAMS 0x00000000c9800000, 0x00000000c9800000| Untracked 
| 153|0x00000000c9900000, 0x00000000c9900000, 0x00000000c9a00000|  0%| F|  |TAMS 0x00000000c9900000, 0x00000000c9900000| Untracked 
| 154|0x00000000c9a00000, 0x00000000c9a00000, 0x00000000c9b00000|  0%| F|  |TAMS 0x00000000c9a00000, 0x00000000c9a00000| Untracked 
| 155|0x00000000c9b00000, 0x00000000c9b00000, 0x00000000c9c00000|  0%| F|  |TAMS 0x00000000c9b00000, 0x00000000c9b00000| Untracked 
| 156|0x00000000c9c00000, 0x00000000c9c00000, 0x00000000c9d00000|  0%| F|  |TAMS 0x00000000c9c00000, 0x00000000c9c00000| Untracked 
| 157|0x00000000c9d00000, 0x00000000c9d00000, 0x00000000c9e00000|  0%| F|  |TAMS 0x00000000c9d00000, 0x00000000c9d00000| Untracked 
| 158|0x00000000c9e00000, 0x00000000c9e00000, 0x00000000c9f00000|  0%| F|  |TAMS 0x00000000c9e00000, 0x00000000c9e00000| Untracked 
| 159|0x00000000c9f00000, 0x00000000c9f00000, 0x00000000ca000000|  0%| F|  |TAMS 0x00000000c9f00000, 0x00000000c9f00000| Untracked 
| 160|0x00000000ca000000, 0x00000000ca000000, 0x00000000ca100000|  0%| F|  |TAMS 0x00000000ca000000, 0x00000000ca000000| Untracked 
| 161|0x00000000ca100000, 0x00000000ca100000, 0x00000000ca200000|  0%| F|  |TAMS 0x00000000ca100000, 0x00000000ca100000| Untracked 
| 162|0x00000000ca200000, 0x00000000ca200000, 0x00000000ca300000|  0%| F|  |TAMS 0x00000000ca200000, 0x00000000ca200000| Untracked 
| 163|0x00000000ca300000, 0x00000000ca300000, 0x00000000ca400000|  0%| F|  |TAMS 0x00000000ca300000, 0x00000000ca300000| Untracked 
| 164|0x00000000ca400000, 0x00000000ca400000, 0x00000000ca500000|  0%| F|  |TAMS 0x00000000ca400000, 0x00000000ca400000| Untracked 
| 165|0x00000000ca500000, 0x00000000ca500000, 0x00000000ca600000|  0%| F|  |TAMS 0x00000000ca500000, 0x00000000ca500000| Untracked 
| 166|0x00000000ca600000, 0x00000000ca600000, 0x00000000ca700000|  0%| F|  |TAMS 0x00000000ca600000, 0x00000000ca600000| Untracked 
| 167|0x00000000ca700000, 0x00000000ca7ffff0, 0x00000000ca800000| 99%| O|  |TAMS 0x00000000ca7ffff0, 0x00000000ca700000| Untracked 
| 168|0x00000000ca800000, 0x00000000ca800000, 0x00000000ca900000|  0%| F|  |TAMS 0x00000000ca800000, 0x00000000ca800000| Untracked 
| 169|0x00000000ca900000, 0x00000000ca900000, 0x00000000caa00000|  0%| F|  |TAMS 0x00000000ca900000, 0x00000000ca900000| Untracked 
| 170|0x00000000caa00000, 0x00000000caa00000, 0x00000000cab00000|  0%| F|  |TAMS 0x00000000caa00000, 0x00000000caa00000| Untracked 
| 171|0x00000000cab00000, 0x00000000cab00000, 0x00000000cac00000|  0%| F|  |TAMS 0x00000000cab00000, 0x00000000cab00000| Untracked 
| 172|0x00000000cac00000, 0x00000000cacffff0, 0x00000000cad00000| 99%| O|  |TAMS 0x00000000cacffff0, 0x00000000cac00000| Untracked 
| 173|0x00000000cad00000, 0x00000000cad00000, 0x00000000cae00000|  0%| F|  |TAMS 0x00000000cad00000, 0x00000000cad00000| Untracked 
| 174|0x00000000cae00000, 0x00000000cae00000, 0x00000000caf00000|  0%| F|  |TAMS 0x00000000cae00000, 0x00000000cae00000| Untracked 
| 175|0x00000000caf00000, 0x00000000caf00000, 0x00000000cb000000|  0%| F|  |TAMS 0x00000000caf00000, 0x00000000caf00000| Untracked 
| 176|0x00000000cb000000, 0x00000000cb000000, 0x00000000cb100000|  0%| F|  |TAMS 0x00000000cb000000, 0x00000000cb000000| Untracked 
| 177|0x00000000cb100000, 0x00000000cb100000, 0x00000000cb200000|  0%| F|  |TAMS 0x00000000cb100000, 0x00000000cb100000| Untracked 
| 178|0x00000000cb200000, 0x00000000cb200000, 0x00000000cb300000|  0%| F|  |TAMS 0x00000000cb200000, 0x00000000cb200000| Untracked 
| 179|0x00000000cb300000, 0x00000000cb300000, 0x00000000cb400000|  0%| F|  |TAMS 0x00000000cb300000, 0x00000000cb300000| Untracked 
| 180|0x00000000cb400000, 0x00000000cb400000, 0x00000000cb500000|  0%| F|  |TAMS 0x00000000cb400000, 0x00000000cb400000| Untracked 
| 181|0x00000000cb500000, 0x00000000cb500000, 0x00000000cb600000|  0%| F|  |TAMS 0x00000000cb500000, 0x00000000cb500000| Untracked 
| 182|0x00000000cb600000, 0x00000000cb600000, 0x00000000cb700000|  0%| F|  |TAMS 0x00000000cb600000, 0x00000000cb600000| Untracked 
| 183|0x00000000cb700000, 0x00000000cb700000, 0x00000000cb800000|  0%| F|  |TAMS 0x00000000cb700000, 0x00000000cb700000| Untracked 
| 184|0x00000000cb800000, 0x00000000cb900000, 0x00000000cb900000|100%| O|  |TAMS 0x00000000cb900000, 0x00000000cb800000| Untracked 
| 185|0x00000000cb900000, 0x00000000cb900000, 0x00000000cba00000|  0%| F|  |TAMS 0x00000000cb900000, 0x00000000cb900000| Untracked 
| 186|0x00000000cba00000, 0x00000000cba00000, 0x00000000cbb00000|  0%| F|  |TAMS 0x00000000cba00000, 0x00000000cba00000| Untracked 
| 187|0x00000000cbb00000, 0x00000000cbb00000, 0x00000000cbc00000|  0%| F|  |TAMS 0x00000000cbb00000, 0x00000000cbb00000| Untracked 
| 188|0x00000000cbc00000, 0x00000000cbc00000, 0x00000000cbd00000|  0%| F|  |TAMS 0x00000000cbc00000, 0x00000000cbc00000| Untracked 
| 189|0x00000000cbd00000, 0x00000000cbd00000, 0x00000000cbe00000|  0%| F|  |TAMS 0x00000000cbd00000, 0x00000000cbd00000| Untracked 
| 190|0x00000000cbe00000, 0x00000000cbe00000, 0x00000000cbf00000|  0%| F|  |TAMS 0x00000000cbe00000, 0x00000000cbe00000| Untracked 
| 191|0x00000000cbf00000, 0x00000000cbf00000, 0x00000000cc000000|  0%| F|  |TAMS 0x00000000cbf00000, 0x00000000cbf00000| Untracked 
| 192|0x00000000cc000000, 0x00000000cc000000, 0x00000000cc100000|  0%| F|  |TAMS 0x00000000cc000000, 0x00000000cc000000| Untracked 
| 193|0x00000000cc100000, 0x00000000cc100000, 0x00000000cc200000|  0%| F|  |TAMS 0x00000000cc100000, 0x00000000cc100000| Untracked 
| 194|0x00000000cc200000, 0x00000000cc200000, 0x00000000cc300000|  0%| F|  |TAMS 0x00000000cc200000, 0x00000000cc200000| Untracked 
| 195|0x00000000cc300000, 0x00000000cc300000, 0x00000000cc400000|  0%| F|  |TAMS 0x00000000cc300000, 0x00000000cc300000| Untracked 
| 196|0x00000000cc400000, 0x00000000cc400000, 0x00000000cc500000|  0%| F|  |TAMS 0x00000000cc400000, 0x00000000cc400000| Untracked 
| 197|0x00000000cc500000, 0x00000000cc500000, 0x00000000cc600000|  0%| F|  |TAMS 0x00000000cc500000, 0x00000000cc500000| Untracked 
| 198|0x00000000cc600000, 0x00000000cc600000, 0x00000000cc700000|  0%| F|  |TAMS 0x00000000cc600000, 0x00000000cc600000| Untracked 
| 199|0x00000000cc700000, 0x00000000cc700000, 0x00000000cc800000|  0%| F|  |TAMS 0x00000000cc700000, 0x00000000cc700000| Untracked 
| 200|0x00000000cc800000, 0x00000000cc800000, 0x00000000cc900000|  0%| F|  |TAMS 0x00000000cc800000, 0x00000000cc800000| Untracked 
| 201|0x00000000cc900000, 0x00000000cc900000, 0x00000000cca00000|  0%| F|  |TAMS 0x00000000cc900000, 0x00000000cc900000| Untracked 
| 202|0x00000000cca00000, 0x00000000cca00000, 0x00000000ccb00000|  0%| F|  |TAMS 0x00000000cca00000, 0x00000000cca00000| Untracked 
| 203|0x00000000ccb00000, 0x00000000ccb00000, 0x00000000ccc00000|  0%| F|  |TAMS 0x00000000ccb00000, 0x00000000ccb00000| Untracked 
| 204|0x00000000ccc00000, 0x00000000ccc00000, 0x00000000ccd00000|  0%| F|  |TAMS 0x00000000ccc00000, 0x00000000ccc00000| Untracked 
| 205|0x00000000ccd00000, 0x00000000ccd00000, 0x00000000cce00000|  0%| F|  |TAMS 0x00000000ccd00000, 0x00000000ccd00000| Untracked 
| 206|0x00000000cce00000, 0x00000000cce00000, 0x00000000ccf00000|  0%| F|  |TAMS 0x00000000cce00000, 0x00000000cce00000| Untracked 
| 207|0x00000000ccf00000, 0x00000000ccf00000, 0x00000000cd000000|  0%| F|  |TAMS 0x00000000ccf00000, 0x00000000ccf00000| Untracked 
| 208|0x00000000cd000000, 0x00000000cd000000, 0x00000000cd100000|  0%| F|  |TAMS 0x00000000cd000000, 0x00000000cd000000| Untracked 
| 209|0x00000000cd100000, 0x00000000cd100000, 0x00000000cd200000|  0%| F|  |TAMS 0x00000000cd100000, 0x00000000cd100000| Untracked 
| 210|0x00000000cd200000, 0x00000000cd200000, 0x00000000cd300000|  0%| F|  |TAMS 0x00000000cd200000, 0x00000000cd200000| Untracked 
| 211|0x00000000cd300000, 0x00000000cd300000, 0x00000000cd400000|  0%| F|  |TAMS 0x00000000cd300000, 0x00000000cd300000| Untracked 
| 212|0x00000000cd400000, 0x00000000cd400000, 0x00000000cd500000|  0%| F|  |TAMS 0x00000000cd400000, 0x00000000cd400000| Untracked 
| 213|0x00000000cd500000, 0x00000000cd500000, 0x00000000cd600000|  0%| F|  |TAMS 0x00000000cd500000, 0x00000000cd500000| Untracked 
| 214|0x00000000cd600000, 0x00000000cd600000, 0x00000000cd700000|  0%| F|  |TAMS 0x00000000cd600000, 0x00000000cd600000| Untracked 
| 215|0x00000000cd700000, 0x00000000cd700000, 0x00000000cd800000|  0%| F|  |TAMS 0x00000000cd700000, 0x00000000cd700000| Untracked 
| 216|0x00000000cd800000, 0x00000000cd800000, 0x00000000cd900000|  0%| F|  |TAMS 0x00000000cd800000, 0x00000000cd800000| Untracked 
| 217|0x00000000cd900000, 0x00000000cd900000, 0x00000000cda00000|  0%| F|  |TAMS 0x00000000cd900000, 0x00000000cd900000| Untracked 
| 218|0x00000000cda00000, 0x00000000cda00000, 0x00000000cdb00000|  0%| F|  |TAMS 0x00000000cda00000, 0x00000000cda00000| Untracked 
| 219|0x00000000cdb00000, 0x00000000cdb00000, 0x00000000cdc00000|  0%| F|  |TAMS 0x00000000cdb00000, 0x00000000cdb00000| Untracked 
| 220|0x00000000cdc00000, 0x00000000cdc00000, 0x00000000cdd00000|  0%| F|  |TAMS 0x00000000cdc00000, 0x00000000cdc00000| Untracked 
| 221|0x00000000cdd00000, 0x00000000cdd00000, 0x00000000cde00000|  0%| F|  |TAMS 0x00000000cdd00000, 0x00000000cdd00000| Untracked 
| 222|0x00000000cde00000, 0x00000000cde00000, 0x00000000cdf00000|  0%| F|  |TAMS 0x00000000cde00000, 0x00000000cde00000| Untracked 
| 223|0x00000000cdf00000, 0x00000000cdf00000, 0x00000000ce000000|  0%| F|  |TAMS 0x00000000cdf00000, 0x00000000cdf00000| Untracked 
| 224|0x00000000ce000000, 0x00000000ce000000, 0x00000000ce100000|  0%| F|  |TAMS 0x00000000ce000000, 0x00000000ce000000| Untracked 
| 225|0x00000000ce100000, 0x00000000ce100000, 0x00000000ce200000|  0%| F|  |TAMS 0x00000000ce100000, 0x00000000ce100000| Untracked 
| 226|0x00000000ce200000, 0x00000000ce200000, 0x00000000ce300000|  0%| F|  |TAMS 0x00000000ce200000, 0x00000000ce200000| Untracked 
| 227|0x00000000ce300000, 0x00000000ce300000, 0x00000000ce400000|  0%| F|  |TAMS 0x00000000ce300000, 0x00000000ce300000| Untracked 
| 228|0x00000000ce400000, 0x00000000ce400000, 0x00000000ce500000|  0%| F|  |TAMS 0x00000000ce400000, 0x00000000ce400000| Untracked 
| 229|0x00000000ce500000, 0x00000000ce500000, 0x00000000ce600000|  0%| F|  |TAMS 0x00000000ce500000, 0x00000000ce500000| Untracked 
| 230|0x00000000ce600000, 0x00000000ce600000, 0x00000000ce700000|  0%| F|  |TAMS 0x00000000ce600000, 0x00000000ce600000| Untracked 
| 231|0x00000000ce700000, 0x00000000ce700000, 0x00000000ce800000|  0%| F|  |TAMS 0x00000000ce700000, 0x00000000ce700000| Untracked 
| 232|0x00000000ce800000, 0x00000000ce800000, 0x00000000ce900000|  0%| F|  |TAMS 0x00000000ce800000, 0x00000000ce800000| Untracked 
| 233|0x00000000ce900000, 0x00000000ce900000, 0x00000000cea00000|  0%| F|  |TAMS 0x00000000ce900000, 0x00000000ce900000| Untracked 
| 234|0x00000000cea00000, 0x00000000cea00000, 0x00000000ceb00000|  0%| F|  |TAMS 0x00000000cea00000, 0x00000000cea00000| Untracked 
| 235|0x00000000ceb00000, 0x00000000ceb00000, 0x00000000cec00000|  0%| F|  |TAMS 0x00000000ceb00000, 0x00000000ceb00000| Untracked 
| 236|0x00000000cec00000, 0x00000000cec00000, 0x00000000ced00000|  0%| F|  |TAMS 0x00000000cec00000, 0x00000000cec00000| Untracked 
| 237|0x00000000ced00000, 0x00000000ced00000, 0x00000000cee00000|  0%| F|  |TAMS 0x00000000ced00000, 0x00000000ced00000| Untracked 
| 238|0x00000000cee00000, 0x00000000cee00000, 0x00000000cef00000|  0%| F|  |TAMS 0x00000000cee00000, 0x00000000cee00000| Untracked 
| 239|0x00000000cef00000, 0x00000000cef00000, 0x00000000cf000000|  0%| F|  |TAMS 0x00000000cef00000, 0x00000000cef00000| Untracked 
| 240|0x00000000cf000000, 0x00000000cf000000, 0x00000000cf100000|  0%| F|  |TAMS 0x00000000cf000000, 0x00000000cf000000| Untracked 
| 241|0x00000000cf100000, 0x00000000cf100000, 0x00000000cf200000|  0%| F|  |TAMS 0x00000000cf100000, 0x00000000cf100000| Untracked 
| 242|0x00000000cf200000, 0x00000000cf200000, 0x00000000cf300000|  0%| F|  |TAMS 0x00000000cf200000, 0x00000000cf200000| Untracked 
| 243|0x00000000cf300000, 0x00000000cf300000, 0x00000000cf400000|  0%| F|  |TAMS 0x00000000cf300000, 0x00000000cf300000| Untracked 
| 244|0x00000000cf400000, 0x00000000cf400000, 0x00000000cf500000|  0%| F|  |TAMS 0x00000000cf400000, 0x00000000cf400000| Untracked 
| 245|0x00000000cf500000, 0x00000000cf500000, 0x00000000cf600000|  0%| F|  |TAMS 0x00000000cf500000, 0x00000000cf500000| Untracked 
| 246|0x00000000cf600000, 0x00000000cf600000, 0x00000000cf700000|  0%| F|  |TAMS 0x00000000cf600000, 0x00000000cf600000| Untracked 
| 247|0x00000000cf700000, 0x00000000cf700000, 0x00000000cf800000|  0%| F|  |TAMS 0x00000000cf700000, 0x00000000cf700000| Untracked 
| 248|0x00000000cf800000, 0x00000000cf800000, 0x00000000cf900000|  0%| F|  |TAMS 0x00000000cf800000, 0x00000000cf800000| Untracked 
| 249|0x00000000cf900000, 0x00000000cf900000, 0x00000000cfa00000|  0%| F|  |TAMS 0x00000000cf900000, 0x00000000cf900000| Untracked 
| 250|0x00000000cfa00000, 0x00000000cfa00000, 0x00000000cfb00000|  0%| F|  |TAMS 0x00000000cfa00000, 0x00000000cfa00000| Untracked 
| 251|0x00000000cfb00000, 0x00000000cfb00000, 0x00000000cfc00000|  0%| F|  |TAMS 0x00000000cfb00000, 0x00000000cfb00000| Untracked 
| 252|0x00000000cfc00000, 0x00000000cfc00000, 0x00000000cfd00000|  0%| F|  |TAMS 0x00000000cfc00000, 0x00000000cfc00000| Untracked 
| 253|0x00000000cfd00000, 0x00000000cfd00000, 0x00000000cfe00000|  0%| F|  |TAMS 0x00000000cfd00000, 0x00000000cfd00000| Untracked 
| 254|0x00000000cfe00000, 0x00000000cfe00000, 0x00000000cff00000|  0%| F|  |TAMS 0x00000000cfe00000, 0x00000000cfe00000| Untracked 
| 255|0x00000000cff00000, 0x00000000cff00000, 0x00000000d0000000|  0%| F|  |TAMS 0x00000000cff00000, 0x00000000cff00000| Untracked 
| 256|0x00000000d0000000, 0x00000000d0000000, 0x00000000d0100000|  0%| F|  |TAMS 0x00000000d0000000, 0x00000000d0000000| Untracked 
| 257|0x00000000d0100000, 0x00000000d0100000, 0x00000000d0200000|  0%| F|  |TAMS 0x00000000d0100000, 0x00000000d0100000| Untracked 
| 258|0x00000000d0200000, 0x00000000d0200000, 0x00000000d0300000|  0%| F|  |TAMS 0x00000000d0200000, 0x00000000d0200000| Untracked 
| 259|0x00000000d0300000, 0x00000000d0300000, 0x00000000d0400000|  0%| F|  |TAMS 0x00000000d0300000, 0x00000000d0300000| Untracked 
| 260|0x00000000d0400000, 0x00000000d0400000, 0x00000000d0500000|  0%| F|  |TAMS 0x00000000d0400000, 0x00000000d0400000| Untracked 
| 261|0x00000000d0500000, 0x00000000d0500000, 0x00000000d0600000|  0%| F|  |TAMS 0x00000000d0500000, 0x00000000d0500000| Untracked 
| 262|0x00000000d0600000, 0x00000000d0600000, 0x00000000d0700000|  0%| F|  |TAMS 0x00000000d0600000, 0x00000000d0600000| Untracked 
| 263|0x00000000d0700000, 0x00000000d0700000, 0x00000000d0800000|  0%| F|  |TAMS 0x00000000d0700000, 0x00000000d0700000| Untracked 
| 264|0x00000000d0800000, 0x00000000d0800000, 0x00000000d0900000|  0%| F|  |TAMS 0x00000000d0800000, 0x00000000d0800000| Untracked 
| 265|0x00000000d0900000, 0x00000000d0900000, 0x00000000d0a00000|  0%| F|  |TAMS 0x00000000d0900000, 0x00000000d0900000| Untracked 
| 266|0x00000000d0a00000, 0x00000000d0a00000, 0x00000000d0b00000|  0%| F|  |TAMS 0x00000000d0a00000, 0x00000000d0a00000| Untracked 
| 267|0x00000000d0b00000, 0x00000000d0b00000, 0x00000000d0c00000|  0%| F|  |TAMS 0x00000000d0b00000, 0x00000000d0b00000| Untracked 
| 268|0x00000000d0c00000, 0x00000000d0c00000, 0x00000000d0d00000|  0%| F|  |TAMS 0x00000000d0c00000, 0x00000000d0c00000| Untracked 
| 269|0x00000000d0d00000, 0x00000000d0d00000, 0x00000000d0e00000|  0%| F|  |TAMS 0x00000000d0d00000, 0x00000000d0d00000| Untracked 
| 270|0x00000000d0e00000, 0x00000000d0e00000, 0x00000000d0f00000|  0%| F|  |TAMS 0x00000000d0e00000, 0x00000000d0e00000| Untracked 
| 271|0x00000000d0f00000, 0x00000000d0f00000, 0x00000000d1000000|  0%| F|  |TAMS 0x00000000d0f00000, 0x00000000d0f00000| Untracked 
| 272|0x00000000d1000000, 0x00000000d1000000, 0x00000000d1100000|  0%| F|  |TAMS 0x00000000d1000000, 0x00000000d1000000| Untracked 
| 273|0x00000000d1100000, 0x00000000d1100000, 0x00000000d1200000|  0%| F|  |TAMS 0x00000000d1100000, 0x00000000d1100000| Untracked 
| 274|0x00000000d1200000, 0x00000000d1200000, 0x00000000d1300000|  0%| F|  |TAMS 0x00000000d1200000, 0x00000000d1200000| Untracked 
| 275|0x00000000d1300000, 0x00000000d1300000, 0x00000000d1400000|  0%| F|  |TAMS 0x00000000d1300000, 0x00000000d1300000| Untracked 
| 276|0x00000000d1400000, 0x00000000d1400000, 0x00000000d1500000|  0%| F|  |TAMS 0x00000000d1400000, 0x00000000d1400000| Untracked 
| 277|0x00000000d1500000, 0x00000000d1500000, 0x00000000d1600000|  0%| F|  |TAMS 0x00000000d1500000, 0x00000000d1500000| Untracked 
| 278|0x00000000d1600000, 0x00000000d1600000, 0x00000000d1700000|  0%| F|  |TAMS 0x00000000d1600000, 0x00000000d1600000| Untracked 
| 279|0x00000000d1700000, 0x00000000d1700000, 0x00000000d1800000|  0%| F|  |TAMS 0x00000000d1700000, 0x00000000d1700000| Untracked 
| 280|0x00000000d1800000, 0x00000000d1800000, 0x00000000d1900000|  0%| F|  |TAMS 0x00000000d1800000, 0x00000000d1800000| Untracked 
| 281|0x00000000d1900000, 0x00000000d1900000, 0x00000000d1a00000|  0%| F|  |TAMS 0x00000000d1900000, 0x00000000d1900000| Untracked 
| 282|0x00000000d1a00000, 0x00000000d1a00000, 0x00000000d1b00000|  0%| F|  |TAMS 0x00000000d1a00000, 0x00000000d1a00000| Untracked 
| 283|0x00000000d1b00000, 0x00000000d1b00000, 0x00000000d1c00000|  0%| F|  |TAMS 0x00000000d1b00000, 0x00000000d1b00000| Untracked 
| 284|0x00000000d1c00000, 0x00000000d1c00000, 0x00000000d1d00000|  0%| F|  |TAMS 0x00000000d1c00000, 0x00000000d1c00000| Untracked 
| 285|0x00000000d1d00000, 0x00000000d1d00000, 0x00000000d1e00000|  0%| F|  |TAMS 0x00000000d1d00000, 0x00000000d1d00000| Untracked 
| 286|0x00000000d1e00000, 0x00000000d1e00000, 0x00000000d1f00000|  0%| F|  |TAMS 0x00000000d1e00000, 0x00000000d1e00000| Untracked 
| 287|0x00000000d1f00000, 0x00000000d1f00000, 0x00000000d2000000|  0%| F|  |TAMS 0x00000000d1f00000, 0x00000000d1f00000| Untracked 
| 288|0x00000000d2000000, 0x00000000d2000000, 0x00000000d2100000|  0%| F|  |TAMS 0x00000000d2000000, 0x00000000d2000000| Untracked 
| 289|0x00000000d2100000, 0x00000000d2100000, 0x00000000d2200000|  0%| F|  |TAMS 0x00000000d2100000, 0x00000000d2100000| Untracked 
| 290|0x00000000d2200000, 0x00000000d2200000, 0x00000000d2300000|  0%| F|  |TAMS 0x00000000d2200000, 0x00000000d2200000| Untracked 
| 291|0x00000000d2300000, 0x00000000d2300000, 0x00000000d2400000|  0%| F|  |TAMS 0x00000000d2300000, 0x00000000d2300000| Untracked 
| 292|0x00000000d2400000, 0x00000000d2400000, 0x00000000d2500000|  0%| F|  |TAMS 0x00000000d2400000, 0x00000000d2400000| Untracked 
| 293|0x00000000d2500000, 0x00000000d2500000, 0x00000000d2600000|  0%| F|  |TAMS 0x00000000d2500000, 0x00000000d2500000| Untracked 
| 294|0x00000000d2600000, 0x00000000d2600000, 0x00000000d2700000|  0%| F|  |TAMS 0x00000000d2600000, 0x00000000d2600000| Untracked 
| 295|0x00000000d2700000, 0x00000000d2700000, 0x00000000d2800000|  0%| F|  |TAMS 0x00000000d2700000, 0x00000000d2700000| Untracked 
| 296|0x00000000d2800000, 0x00000000d28060d0, 0x00000000d2900000|  2%| E|  |TAMS 0x00000000d2800000, 0x00000000d2800000| Complete 

Card table byte_map: [0x0000014839e40000,0x000001483a040000] _byte_map_base: 0x0000014839840000

Marking Bits (Prev, Next): (CMBitMap*) 0x0000014833ef8b90, (CMBitMap*) 0x0000014833ef8bd0
 Prev Bits: [0x000001483a240000, 0x000001483b240000)
 Next Bits: [0x000001483b240000, 0x000001483c240000)

Polling page: 0x0000014831e70000

Metaspace:

Usage:
  Non-class:     64.96 MB used.
      Class:     10.35 MB used.
       Both:     75.31 MB used.

Virtual space:
  Non-class space:      128.00 MB reserved,      65.31 MB ( 51%) committed,  2 nodes.
      Class space:        1.00 GB reserved,      10.62 MB (  1%) committed,  1 nodes.
             Both:        1.12 GB reserved,      75.94 MB (  7%) committed. 

Chunk freelists:
   Non-Class:  14.56 MB
       Class:  5.38 MB
        Both:  19.94 MB

MaxMetaspaceSize: unlimited
CompressedClassSpaceSize: 1.00 GB
Initial GC threshold: 21.00 MB
Current GC threshold: 126.56 MB
CDS: off
MetaspaceReclaimPolicy: balanced
 - commit_granule_bytes: 65536.
 - commit_granule_words: 8192.
 - virtual_space_node_default_size: 8388608.
 - enlarge_chunks_in_place: 1.
 - new_chunks_are_fully_committed: 0.
 - uncommit_free_chunks: 1.
 - use_allocation_guard: 0.
 - handle_deallocations: 1.


Internal statistics:

num_allocs_failed_limit: 8.
num_arena_births: 1348.
num_arena_deaths: 668.
num_vsnodes_births: 3.
num_vsnodes_deaths: 0.
num_space_committed: 1215.
num_space_uncommitted: 0.
num_chunks_returned_to_freelist: 860.
num_chunks_taken_from_freelist: 4275.
num_chunk_merges: 172.
num_chunk_splits: 2533.
num_chunks_enlarged: 1799.
num_inconsistent_stats: 0.

CodeCache: size=49152Kb used=40829Kb max_used=40829Kb free=8322Kb
 bounds [0x0000014836b30000, 0x0000014839330000, 0x0000014839b30000]
 total_blobs=21397 nmethods=20699 adapters=621
 compilation: enabled
              stopped_count=0, restarted_count=0
 full_count=0

Compilation events (20 events):
Event: 13652.316 Thread 0x0000014843065e50 21116   !   1       jdk.internal.reflect.GeneratedConstructorAccessor187::newInstance (49 bytes)
Event: 13652.316 Thread 0x0000014843065e50 nmethod 21116 0x0000014839175f90 code [0x0000014839176140, 0x00000148391763a8]
Event: 13652.316 Thread 0x0000014843065e50 21117   !   1       jdk.internal.reflect.GeneratedConstructorAccessor188::newInstance (49 bytes)
Event: 13652.316 Thread 0x0000014843065e50 nmethod 21117 0x0000014839175990 code [0x0000014839175b40, 0x0000014839175da8]
Event: 13656.292 Thread 0x0000014843065e50 21118       1       org.springframework.ide.vscode.commons.languageserver.java.ProjectObserver::onAny (9 bytes)
Event: 13656.292 Thread 0x0000014843065e50 nmethod 21118 0x0000014839175610 code [0x00000148391757a0, 0x00000148391758d8]
Event: 13656.292 Thread 0x0000014843065e50 21119       1       org.springframework.ide.vscode.commons.languageserver.java.ProjectObserver$2::<init> (10 bytes)
Event: 13656.292 Thread 0x0000014843065e50 nmethod 21119 0x0000014839175310 code [0x00000148391754a0, 0x00000148391755b8]
Event: 13737.315 Thread 0x0000014843065e50 21120       1       org.springframework.ide.vscode.commons.jdtls.JdtLsIndex::<init> (127 bytes)
Event: 13737.317 Thread 0x0000014843065e50 nmethod 21120 0x0000014839173590 code [0x00000148391738c0, 0x0000014839174c48]
Event: 13737.317 Thread 0x0000014843065e50 21121       1       org.springframework.ide.vscode.commons.javadoc.JdtLsJavadocProvider::<init> (15 bytes)
Event: 13737.317 Thread 0x0000014843065e50 nmethod 21121 0x0000014839173210 code [0x00000148391733a0, 0x00000148391734f8]
Event: 13737.317 Thread 0x0000014843065e50 21122       1       org.springframework.ide.vscode.commons.jdtls.JdtLsIndex$$Lambda$1517/0x0000000100a7ee58::<init> (15 bytes)
Event: 13737.317 Thread 0x0000014843065e50 nmethod 21122 0x0000014839172e90 code [0x0000014839173020, 0x0000014839173178]
Event: 13737.963 Thread 0x0000014843065e50 21123       1       org.eclipse.jdt.internal.compiler.parser.Parser::consumeAllocationHeader (193 bytes)
Event: 13737.963 Thread 0x0000014843065e50 nmethod 21123 0x0000014839172590 code [0x0000014839172780, 0x0000014839172c88]
Event: 13758.373 Thread 0x0000014843065e50 21124       1       org.eclipse.jdt.core.dom.ASTNode::unsupportedIn2_3_4 (24 bytes)
Event: 13758.373 Thread 0x0000014843065e50 nmethod 21124 0x0000014839172190 code [0x0000014839172320, 0x0000014839172488]
Event: 13876.725 Thread 0x0000014843065e50 21125       1       java.util.concurrent.SynchronousQueue$TransferStack::clean (114 bytes)
Event: 13876.726 Thread 0x0000014843065e50 nmethod 21125 0x0000014839170b90 code [0x0000014839170e40, 0x0000014839171af8]

GC Heap History (20 events):
Event: 14759.687 GC heap before
{Heap before GC invocations=11882 (full 638):
 garbage-first heap   total 304128K, used 89735K [0x00000000c0000000, 0x0000000100000000)
  region size 1024K, 1 young (1024K), 0 survivors (0K)
 Metaspace       used 77118K, committed 77760K, reserved 1179648K
  class space    used 10596K, committed 10880K, reserved 1048576K
}
Event: 14759.738 GC heap after
{Heap after GC invocations=11883 (full 639):
 garbage-first heap   total 304128K, used 89735K [0x00000000c0000000, 0x0000000100000000)
  region size 1024K, 0 young (0K), 0 survivors (0K)
 Metaspace       used 77118K, committed 77760K, reserved 1179648K
  class space    used 10596K, committed 10880K, reserved 1048576K
}
Event: 14769.867 GC heap before
{Heap before GC invocations=11883 (full 639):
 garbage-first heap   total 304128K, used 89735K [0x00000000c0000000, 0x0000000100000000)
  region size 1024K, 1 young (1024K), 0 survivors (0K)
 Metaspace       used 77118K, committed 77760K, reserved 1179648K
  class space    used 10596K, committed 10880K, reserved 1048576K
}
Event: 14769.932 GC heap after
{Heap after GC invocations=11884 (full 640):
 garbage-first heap   total 304128K, used 89735K [0x00000000c0000000, 0x0000000100000000)
  region size 1024K, 0 young (0K), 0 survivors (0K)
 Metaspace       used 77118K, committed 77760K, reserved 1179648K
  class space    used 10596K, committed 10880K, reserved 1048576K
}
Event: 14780.071 GC heap before
{Heap before GC invocations=11884 (full 640):
 garbage-first heap   total 304128K, used 89735K [0x00000000c0000000, 0x0000000100000000)
  region size 1024K, 1 young (1024K), 0 survivors (0K)
 Metaspace       used 77118K, committed 77760K, reserved 1179648K
  class space    used 10596K, committed 10880K, reserved 1048576K
}
Event: 14780.137 GC heap after
{Heap after GC invocations=11885 (full 641):
 garbage-first heap   total 304128K, used 89735K [0x00000000c0000000, 0x0000000100000000)
  region size 1024K, 0 young (0K), 0 survivors (0K)
 Metaspace       used 77118K, committed 77760K, reserved 1179648K
  class space    used 10596K, committed 10880K, reserved 1048576K
}
Event: 14790.348 GC heap before
{Heap before GC invocations=11885 (full 641):
 garbage-first heap   total 304128K, used 89735K [0x00000000c0000000, 0x0000000100000000)
  region size 1024K, 1 young (1024K), 0 survivors (0K)
 Metaspace       used 77118K, committed 77760K, reserved 1179648K
  class space    used 10596K, committed 10880K, reserved 1048576K
}
Event: 14790.408 GC heap after
{Heap after GC invocations=11886 (full 642):
 garbage-first heap   total 304128K, used 89735K [0x00000000c0000000, 0x0000000100000000)
  region size 1024K, 0 young (0K), 0 survivors (0K)
 Metaspace       used 77118K, committed 77760K, reserved 1179648K
  class space    used 10596K, committed 10880K, reserved 1048576K
}
Event: 14800.561 GC heap before
{Heap before GC invocations=11886 (full 642):
 garbage-first heap   total 304128K, used 89735K [0x00000000c0000000, 0x0000000100000000)
  region size 1024K, 1 young (1024K), 0 survivors (0K)
 Metaspace       used 77118K, committed 77760K, reserved 1179648K
  class space    used 10596K, committed 10880K, reserved 1048576K
}
Event: 14800.628 GC heap after
{Heap after GC invocations=11887 (full 643):
 garbage-first heap   total 304128K, used 89735K [0x00000000c0000000, 0x0000000100000000)
  region size 1024K, 0 young (0K), 0 survivors (0K)
 Metaspace       used 77118K, committed 77760K, reserved 1179648K
  class space    used 10596K, committed 10880K, reserved 1048576K
}
Event: 14810.776 GC heap before
{Heap before GC invocations=11887 (full 643):
 garbage-first heap   total 304128K, used 89735K [0x00000000c0000000, 0x0000000100000000)
  region size 1024K, 1 young (1024K), 0 survivors (0K)
 Metaspace       used 77118K, committed 77760K, reserved 1179648K
  class space    used 10596K, committed 10880K, reserved 1048576K
}
Event: 14810.844 GC heap after
{Heap after GC invocations=11888 (full 644):
 garbage-first heap   total 304128K, used 89735K [0x00000000c0000000, 0x0000000100000000)
  region size 1024K, 0 young (0K), 0 survivors (0K)
 Metaspace       used 77118K, committed 77760K, reserved 1179648K
  class space    used 10596K, committed 10880K, reserved 1048576K
}
Event: 14823.602 GC heap before
{Heap before GC invocations=11888 (full 644):
 garbage-first heap   total 304128K, used 89735K [0x00000000c0000000, 0x0000000100000000)
  region size 1024K, 1 young (1024K), 0 survivors (0K)
 Metaspace       used 77118K, committed 77760K, reserved 1179648K
  class space    used 10596K, committed 10880K, reserved 1048576K
}
Event: 14823.680 GC heap after
{Heap after GC invocations=11889 (full 645):
 garbage-first heap   total 304128K, used 89735K [0x00000000c0000000, 0x0000000100000000)
  region size 1024K, 0 young (0K), 0 survivors (0K)
 Metaspace       used 77118K, committed 77760K, reserved 1179648K
  class space    used 10596K, committed 10880K, reserved 1048576K
}
Event: 14833.817 GC heap before
{Heap before GC invocations=11889 (full 645):
 garbage-first heap   total 304128K, used 89735K [0x00000000c0000000, 0x0000000100000000)
  region size 1024K, 1 young (1024K), 0 survivors (0K)
 Metaspace       used 77118K, committed 77760K, reserved 1179648K
  class space    used 10596K, committed 10880K, reserved 1048576K
}
Event: 14833.873 GC heap after
{Heap after GC invocations=11890 (full 646):
 garbage-first heap   total 304128K, used 89735K [0x00000000c0000000, 0x0000000100000000)
  region size 1024K, 0 young (0K), 0 survivors (0K)
 Metaspace       used 77118K, committed 77760K, reserved 1179648K
  class space    used 10596K, committed 10880K, reserved 1048576K
}
Event: 14844.011 GC heap before
{Heap before GC invocations=11890 (full 646):
 garbage-first heap   total 304128K, used 89735K [0x00000000c0000000, 0x0000000100000000)
  region size 1024K, 1 young (1024K), 0 survivors (0K)
 Metaspace       used 77118K, committed 77760K, reserved 1179648K
  class space    used 10596K, committed 10880K, reserved 1048576K
}
Event: 14844.077 GC heap after
{Heap after GC invocations=11891 (full 647):
 garbage-first heap   total 304128K, used 89735K [0x00000000c0000000, 0x0000000100000000)
  region size 1024K, 0 young (0K), 0 survivors (0K)
 Metaspace       used 77118K, committed 77760K, reserved 1179648K
  class space    used 10596K, committed 10880K, reserved 1048576K
}
Event: 14854.191 GC heap before
{Heap before GC invocations=11891 (full 647):
 garbage-first heap   total 304128K, used 89735K [0x00000000c0000000, 0x0000000100000000)
  region size 1024K, 1 young (1024K), 0 survivors (0K)
 Metaspace       used 77118K, committed 77760K, reserved 1179648K
  class space    used 10596K, committed 10880K, reserved 1048576K
}
Event: 14854.251 GC heap after
{Heap after GC invocations=11892 (full 648):
 garbage-first heap   total 304128K, used 89735K [0x00000000c0000000, 0x0000000100000000)
  region size 1024K, 0 young (0K), 0 survivors (0K)
 Metaspace       used 77118K, committed 77760K, reserved 1179648K
  class space    used 10596K, committed 10880K, reserved 1048576K
}

Dll operation events (10 events):
Event: 0.047 Loaded shared library c:\Users\mohamed amine tebbin\.vscode\extensions\redhat.java-1.21.0-win32-x64\jre\17.0.7-win32-x86_64\bin\java.dll
Event: 1.622 Loaded shared library C:\Users\mohamed amine tebbin\.vscode\extensions\redhat.java-1.21.0-win32-x64\jre\17.0.7-win32-x86_64\bin\net.dll
Event: 1.626 Loaded shared library C:\Users\mohamed amine tebbin\.vscode\extensions\redhat.java-1.21.0-win32-x64\jre\17.0.7-win32-x86_64\bin\nio.dll
Event: 3.706 Loaded shared library C:\Users\mohamed amine tebbin\.vscode\extensions\redhat.java-1.21.0-win32-x64\jre\17.0.7-win32-x86_64\bin\zip.dll
Event: 12.274 Loaded shared library C:\Users\mohamed amine tebbin\.vscode\extensions\redhat.java-1.21.0-win32-x64\jre\17.0.7-win32-x86_64\bin\jimage.dll
Event: 18.507 Loaded shared library C:\Users\mohamed amine tebbin\.vscode\extensions\redhat.java-1.21.0-win32-x64\jre\17.0.7-win32-x86_64\bin\management.dll
Event: 18.538 Loaded shared library C:\Users\mohamed amine tebbin\.vscode\extensions\redhat.java-1.21.0-win32-x64\jre\17.0.7-win32-x86_64\bin\management_ext.dll
Event: 20.527 Loaded shared library C:\Users\mohamed amine tebbin\.vscode\extensions\redhat.java-1.21.0-win32-x64\jre\17.0.7-win32-x86_64\bin\sunmscapi.dll
Event: 29.976 Loaded shared library C:\Users\mohamed amine tebbin\AppData\Local\Temp\snappy-1.1.8-d077bbc7-5acc-4ede-9c62-931261bda385-snappyjava.dll
Event: 37.875 Loaded shared library c:\Users\mohamed amine tebbin\.vscode\extensions\redhat.java-1.21.0-win32-x64\jre\17.0.7-win32-x86_64\bin\verify.dll

Deoptimization events (20 events):
Event: 5815.151 Thread 0x0000014844a19bc0 DEOPT PACKING pc=0x000001483849fcc4 sp=0x00000035f98fe650
Event: 5815.151 Thread 0x0000014844a19bc0 DEOPT UNPACKING pc=0x0000014836b87143 sp=0x00000035f98fdb78 mode 3
Event: 6843.116 Thread 0x000001484e803f40 DEOPT PACKING pc=0x00000148390e0c47 sp=0x00000035f85fd6b0
Event: 6843.116 Thread 0x000001484e803f40 DEOPT UNPACKING pc=0x0000014836b87143 sp=0x00000035f85fd0e8 mode 3
Event: 8265.030 Thread 0x000001484e0c29e0 DEOPT PACKING pc=0x00000148389c6484 sp=0x00000035fa0fdd20
Event: 8265.030 Thread 0x000001484e0c29e0 DEOPT UNPACKING pc=0x0000014836b87143 sp=0x00000035fa0fd198 mode 0
Event: 8265.357 Thread 0x000001484e0c29e0 DEOPT PACKING pc=0x00000148370ad97c sp=0x00000035fa0fb9d0
Event: 8265.357 Thread 0x000001484e0c29e0 DEOPT UNPACKING pc=0x0000014836b87143 sp=0x00000035fa0faf58 mode 0
Event: 8838.148 Thread 0x000001484eb73870 DEOPT PACKING pc=0x00000148381ce9bc sp=0x00000035fb2fdd50
Event: 8838.148 Thread 0x000001484eb73870 DEOPT UNPACKING pc=0x0000014836b87143 sp=0x00000035fb2fd238 mode 0
Event: 9302.922 Thread 0x000001484eb72a00 DEOPT PACKING pc=0x00000148390fae0a sp=0x00000035fa0fd6c0
Event: 9302.922 Thread 0x000001484eb72a00 DEOPT UNPACKING pc=0x0000014836b87143 sp=0x00000035fa0fcb60 mode 3
Event: 9417.588 Thread 0x000001484e0c0d00 DEOPT PACKING pc=0x00000148392ccdea sp=0x00000035f97fcc60
Event: 9417.588 Thread 0x000001484e0c0d00 DEOPT UNPACKING pc=0x0000014836b87143 sp=0x00000035f97fc1f8 mode 3
Event: 9438.157 Thread 0x000001484e0bfe90 DEOPT PACKING pc=0x00000148390f3997 sp=0x00000035fa9fd170
Event: 9438.157 Thread 0x000001484e0bfe90 DEOPT UNPACKING pc=0x0000014836b87143 sp=0x00000035fa9fc740 mode 3
Event: 9438.227 Thread 0x000001484e0bfe90 DEOPT PACKING pc=0x0000014839313109 sp=0x00000035fa9fd030
Event: 9438.227 Thread 0x000001484e0bfe90 DEOPT UNPACKING pc=0x0000014836b87143 sp=0x00000035fa9fc5b0 mode 3
Event: 11417.365 Thread 0x000001484e92cfb0 DEOPT PACKING pc=0x000001483833ff50 sp=0x00000035f84fe230
Event: 11417.365 Thread 0x000001484e92cfb0 DEOPT UNPACKING pc=0x0000014836b87143 sp=0x00000035f84fd700 mode 3

Classes unloaded (20 events):
Event: 12653.461 Thread 0x0000014843010b80 Unloading class 0x000000010039ac00 'jdk/internal/reflect/GeneratedMethodAccessor145'
Event: 13072.193 Thread 0x0000014843010b80 Unloading class 0x0000000100a68800 'jdk/internal/reflect/GeneratedConstructorAccessor181'
Event: 13996.820 Thread 0x0000014843010b80 Unloading class 0x0000000100a68c00 'jdk/internal/reflect/GeneratedConstructorAccessor192'
Event: 13996.820 Thread 0x0000014843010b80 Unloading class 0x0000000100a68800 'jdk/internal/reflect/GeneratedMethodAccessor160'
Event: 13996.820 Thread 0x0000014843010b80 Unloading class 0x0000000100422000 'jdk/internal/reflect/GeneratedMethodAccessor159'
Event: 13996.820 Thread 0x0000014843010b80 Unloading class 0x0000000100a98c00 'jdk/internal/reflect/GeneratedConstructorAccessor188'
Event: 13996.820 Thread 0x0000014843010b80 Unloading class 0x000000010039ac00 'jdk/internal/reflect/GeneratedConstructorAccessor187'
Event: 13996.820 Thread 0x0000014843010b80 Unloading class 0x0000000100a68400 'jdk/internal/reflect/GeneratedMethodAccessor153'
Event: 13996.820 Thread 0x0000014843010b80 Unloading class 0x0000000100690800 'jdk/internal/reflect/GeneratedConstructorAccessor186'
Event: 13996.820 Thread 0x0000014843010b80 Unloading class 0x0000000100a51000 'jdk/internal/reflect/GeneratedConstructorAccessor185'
Event: 13996.820 Thread 0x0000014843010b80 Unloading class 0x00000001004f1800 'jdk/internal/reflect/GeneratedConstructorAccessor184'
Event: 13996.820 Thread 0x0000014843010b80 Unloading class 0x0000000100541000 'jdk/internal/reflect/GeneratedMethodAccessor152'
Event: 13996.820 Thread 0x0000014843010b80 Unloading class 0x0000000100a49800 'jdk/internal/reflect/GeneratedConstructorAccessor183'
Event: 14108.654 Thread 0x0000014843010b80 Unloading class 0x000000010082c400 'jdk/internal/reflect/GeneratedMethodAccessor158'
Event: 14108.654 Thread 0x0000014843010b80 Unloading class 0x0000000100540c00 'jdk/internal/reflect/GeneratedConstructorAccessor190'
Event: 14108.654 Thread 0x0000014843010b80 Unloading class 0x000000010084c800 'jdk/internal/reflect/GeneratedMethodAccessor157'
Event: 14108.654 Thread 0x0000014843010b80 Unloading class 0x00000001007f8000 'jdk/internal/reflect/GeneratedConstructorAccessor189'
Event: 14108.654 Thread 0x0000014843010b80 Unloading class 0x0000000100399c00 'jdk/internal/reflect/GeneratedMethodAccessor156'
Event: 14108.654 Thread 0x0000014843010b80 Unloading class 0x0000000100395400 'jdk/internal/reflect/GeneratedMethodAccessor155'
Event: 14108.654 Thread 0x0000014843010b80 Unloading class 0x000000010072a800 'jdk/internal/reflect/GeneratedMethodAccessor154'

Classes redefined (0 events):
No events

Internal exceptions (20 events):
Event: 13769.416 Thread 0x000001484e57bb10 Exception <a 'sun/nio/fs/WindowsException'{0x00000000f1374370}> (0x00000000f1374370) 
thrown [s\src\hotspot\share\prims\jni.cpp, line 516]
Event: 13769.416 Thread 0x000001484e57bb10 Exception <a 'sun/nio/fs/WindowsException'{0x00000000f1374690}> (0x00000000f1374690) 
thrown [s\src\hotspot\share\prims\jni.cpp, line 516]
Event: 13769.417 Thread 0x000001484e57bb10 Exception <a 'sun/nio/fs/WindowsException'{0x00000000f13a4ed8}> (0x00000000f13a4ed8) 
thrown [s\src\hotspot\share\prims\jni.cpp, line 516]
Event: 13769.417 Thread 0x000001484e57bb10 Exception <a 'sun/nio/fs/WindowsException'{0x00000000f13a51c0}> (0x00000000f13a51c0) 
thrown [s\src\hotspot\share\prims\jni.cpp, line 516]
Event: 13769.417 Thread 0x000001484e57bb10 Exception <a 'sun/nio/fs/WindowsException'{0x00000000f13a60a0}> (0x00000000f13a60a0) 
thrown [s\src\hotspot\share\prims\jni.cpp, line 516]
Event: 13769.418 Thread 0x000001484e57bb10 Exception <a 'sun/nio/fs/WindowsException'{0x00000000f13a63a0}> (0x00000000f13a63a0) 
thrown [s\src\hotspot\share\prims\jni.cpp, line 516]
Event: 13769.419 Thread 0x000001484e57bb10 Exception <a 'sun/nio/fs/WindowsException'{0x00000000f13c7838}> (0x00000000f13c7838) 
thrown [s\src\hotspot\share\prims\jni.cpp, line 516]
Event: 13769.419 Thread 0x000001484e57bb10 Exception <a 'sun/nio/fs/WindowsException'{0x00000000f13c7b18}> (0x00000000f13c7b18) 
thrown [s\src\hotspot\share\prims\jni.cpp, line 516]
Event: 13769.420 Thread 0x000001484e57bb10 Exception <a 'sun/nio/fs/WindowsException'{0x00000000f13c89e0}> (0x00000000f13c89e0) 
thrown [s\src\hotspot\share\prims\jni.cpp, line 516]
Event: 13769.420 Thread 0x000001484e57bb10 Exception <a 'sun/nio/fs/WindowsException'{0x00000000f13c8ce0}> (0x00000000f13c8ce0) 
thrown [s\src\hotspot\share\prims\jni.cpp, line 516]
Event: 13769.421 Thread 0x000001484e57bb10 Exception <a 'sun/nio/fs/WindowsException'{0x00000000f13ff750}> (0x00000000f13ff750) 
thrown [s\src\hotspot\share\prims\jni.cpp, line 516]
Event: 13769.421 Thread 0x000001484e57bb10 Exception <a 'sun/nio/fs/WindowsException'{0x00000000f13ffa50}> (0x00000000f13ffa50) 
thrown [s\src\hotspot\share\prims\jni.cpp, line 516]
Event: 13769.421 Thread 0x000001484e57bb10 Exception <a 'sun/nio/fs/WindowsException'{0x00000000f1201010}> (0x00000000f1201010) 
thrown [s\src\hotspot\share\prims\jni.cpp, line 516]
Event: 13769.421 Thread 0x000001484e57bb10 Exception <a 'sun/nio/fs/WindowsException'{0x00000000f1201330}> (0x00000000f1201330) 
thrown [s\src\hotspot\share\prims\jni.cpp, line 516]
Event: 13769.422 Thread 0x000001484e57bb10 Exception <a 'sun/nio/fs/WindowsException'{0x00000000f12297c0}> (0x00000000f12297c0) 
thrown [s\src\hotspot\share\prims\jni.cpp, line 516]
Event: 13769.422 Thread 0x000001484e57bb10 Exception <a 'sun/nio/fs/WindowsException'{0x00000000f1229ab8}> (0x00000000f1229ab8) 
thrown [s\src\hotspot\share\prims\jni.cpp, line 516]
Event: 13769.422 Thread 0x000001484e57bb10 Exception <a 'sun/nio/fs/WindowsException'{0x00000000f122aef0}> (0x00000000f122aef0) 
thrown [s\src\hotspot\share\prims\jni.cpp, line 516]
Event: 13769.422 Thread 0x000001484e57bb10 Exception <a 'sun/nio/fs/WindowsException'{0x00000000f122b208}> (0x00000000f122b208) 
thrown [s\src\hotspot\share\prims\jni.cpp, line 516]
Event: 13769.634 Thread 0x000001484dd492a0 Exception <a 'sun/nio/fs/WindowsException'{0x00000000ff947fb0}> (0x00000000ff947fb0) 
thrown [s\src\hotspot\share\prims\jni.cpp, line 516]
Event: 13769.634 Thread 0x000001484dd492a0 Exception <a 'sun/nio/fs/WindowsException'{0x00000000ff948d88}> (0x00000000ff948d88) 
thrown [s\src\hotspot\share\prims\jni.cpp, line 516]

VM Operations (20 events):
Event: 14759.739 Executing VM operation: G1CollectFull done
Event: 14769.867 Executing VM operation: G1CollectFull
Event: 14769.932 Executing VM operation: G1CollectFull done
Event: 14780.070 Executing VM operation: G1CollectFull
Event: 14780.137 Executing VM operation: G1CollectFull done
Event: 14790.348 Executing VM operation: G1CollectFull
Event: 14790.408 Executing VM operation: G1CollectFull done
Event: 14800.561 Executing VM operation: G1CollectFull
Event: 14800.629 Executing VM operation: G1CollectFull done
Event: 14810.776 Executing VM operation: G1CollectFull
Event: 14810.844 Executing VM operation: G1CollectFull done
Event: 14823.602 Executing VM operation: G1CollectFull
Event: 14823.680 Executing VM operation: G1CollectFull done
Event: 14833.817 Executing VM operation: G1CollectFull
Event: 14833.874 Executing VM operation: G1CollectFull done
Event: 14844.010 Executing VM operation: G1CollectFull
Event: 14844.078 Executing VM operation: G1CollectFull done
Event: 14854.191 Executing VM operation: G1CollectFull
Event: 14854.251 Executing VM operation: G1CollectFull done
Event: 14864.314 Executing VM operation: G1CollectFull

Events (20 events):
Event: 13768.425 Thread 0x000001484e92cfb0 Thread exited: 0x000001484e92cfb0
Event: 13768.425 Thread 0x000001484e92d950 Thread exited: 0x000001484e92d950
Event: 13768.425 Thread 0x000001484e92e2f0 Thread exited: 0x000001484e92e2f0
Event: 13768.425 Thread 0x0000014845e7bda0 Thread exited: 0x0000014845e7bda0
Event: 13768.425 Thread 0x000001484e92e7c0 Thread exited: 0x000001484e92e7c0
Event: 13768.425 Thread 0x0000014845e7a0c0 Thread exited: 0x0000014845e7a0c0
Event: 13768.426 Thread 0x000001484e57aca0 Thread exited: 0x000001484e57aca0
Event: 13778.323 Thread 0x000001484e92d480 Thread exited: 0x000001484e92d480
Event: 13788.412 Thread 0x000001484e57bb10 Thread exited: 0x000001484e57bb10
Event: 13797.010 Thread 0x000001484dd4e120 Thread exited: 0x000001484dd4e120
Event: 13816.397 Thread 0x000001484e0bfe90 Thread exited: 0x000001484e0bfe90
Event: 13818.743 Thread 0x000001484dd4a110 Thread exited: 0x000001484dd4a110
Event: 13825.794 Thread 0x0000014843086340 Thread exited: 0x0000014843086340
Event: 13829.717 Thread 0x000001484dd492a0 Thread exited: 0x000001484dd492a0
Event: 13876.725 Thread 0x00000148430859a0 Thread exited: 0x00000148430859a0
Event: 13889.725 Thread 0x000001484ec349d0 Thread exited: 0x000001484ec349d0
Event: 13891.583 Thread 0x0000014845dbc780 Thread added: 0x0000014845dbc780
Event: 13951.605 Thread 0x000001484e0c0360 Thread exited: 0x000001484e0c0360
Event: 13951.605 Thread 0x0000014845dbc780 Thread exited: 0x0000014845dbc780
Event: 14011.611 Thread 0x0000014845dbd120 Thread exited: 0x0000014845dbd120


Dynamic libraries:
0x00007ff7726e0000 - 0x00007ff7726ee000 	c:\Users\mohamed amine tebbin\.vscode\extensions\redhat.java-1.21.0-win32-x64\jre\17.0.7-win32-x86_64\bin\java.exe
0x00007ffc70cb0000 - 0x00007ffc70ec4000 	C:\WINDOWS\SYSTEM32\ntdll.dll
0x00007ffc6f550000 - 0x00007ffc6f614000 	C:\WINDOWS\System32\KERNEL32.DLL
0x00007ffc6e310000 - 0x00007ffc6e6b4000 	C:\WINDOWS\System32\KERNELBASE.dll
0x00007ffc6e090000 - 0x00007ffc6e1a1000 	C:\WINDOWS\System32\ucrtbase.dll
0x00007ffc59df0000 - 0x00007ffc59e07000 	c:\Users\mohamed amine tebbin\.vscode\extensions\redhat.java-1.21.0-win32-x64\jre\17.0.7-win32-x86_64\bin\jli.dll
0x00007ffc61810000 - 0x00007ffc61829000 	c:\Users\mohamed amine tebbin\.vscode\extensions\redhat.java-1.21.0-win32-x64\jre\17.0.7-win32-x86_64\bin\VCRUNTIME140.dll
0x00007ffc6f390000 - 0x00007ffc6f53a000 	C:\WINDOWS\System32\USER32.dll
0x00007ffc53750000 - 0x00007ffc539df000 	C:\WINDOWS\WinSxS\amd64_microsoft.windows.common-controls_6595b64144ccf1df_6.0.22621.2070_none_2713e6537381f706\COMCTL32.dll
0x00007ffc6ea40000 - 0x00007ffc6ea66000 	C:\WINDOWS\System32\win32u.dll
0x00007ffc709b0000 - 0x00007ffc70a57000 	C:\WINDOWS\System32\msvcrt.dll
0x00007ffc6eeb0000 - 0x00007ffc6eed9000 	C:\WINDOWS\System32\GDI32.dll
0x00007ffc6e920000 - 0x00007ffc6ea39000 	C:\WINDOWS\System32\gdi32full.dll
0x00007ffc6e1b0000 - 0x00007ffc6e24a000 	C:\WINDOWS\System32\msvcp_win.dll
0x00007ffc6f350000 - 0x00007ffc6f381000 	C:\WINDOWS\System32\IMM32.DLL
0x00007ffc68580000 - 0x00007ffc6858c000 	c:\Users\mohamed amine tebbin\.vscode\extensions\redhat.java-1.21.0-win32-x64\jre\17.0.7-win32-x86_64\bin\vcruntime140_1.dll
0x00007ffc430a0000 - 0x00007ffc43131000 	c:\Users\mohamed amine tebbin\.vscode\extensions\redhat.java-1.21.0-win32-x64\jre\17.0.7-win32-x86_64\bin\msvcp140.dll
0x00007ffbf3d20000 - 0x00007ffbf4968000 	c:\Users\mohamed amine tebbin\.vscode\extensions\redhat.java-1.21.0-win32-x64\jre\17.0.7-win32-x86_64\bin\server\jvm.dll
0x00007ffc6ebb0000 - 0x00007ffc6ec60000 	C:\WINDOWS\System32\ADVAPI32.dll
0x00007ffc6f8c0000 - 0x00007ffc6f966000 	C:\WINDOWS\System32\sechost.dll
0x00007ffc6ea90000 - 0x00007ffc6eba7000 	C:\WINDOWS\System32\RPCRT4.dll
0x00007ffc649f0000 - 0x00007ffc649f9000 	C:\WINDOWS\SYSTEM32\WSOCK32.dll
0x00007ffc6f280000 - 0x00007ffc6f2f1000 	C:\WINDOWS\System32\WS2_32.dll
0x00007ffc67460000 - 0x00007ffc67494000 	C:\WINDOWS\SYSTEM32\WINMM.dll
0x00007ffc668e0000 - 0x00007ffc668ea000 	C:\WINDOWS\SYSTEM32\VERSION.dll
0x00007ffc6d130000 - 0x00007ffc6d148000 	C:\WINDOWS\SYSTEM32\kernel.appcore.dll
0x00007ffc61380000 - 0x00007ffc6138a000 	c:\Users\mohamed amine tebbin\.vscode\extensions\redhat.java-1.21.0-win32-x64\jre\17.0.7-win32-x86_64\bin\jimage.dll
0x00007ffc6b6d0000 - 0x00007ffc6b8fe000 	C:\WINDOWS\SYSTEM32\DBGHELP.DLL
0x00007ffc6eef0000 - 0x00007ffc6f27a000 	C:\WINDOWS\System32\combase.dll
0x00007ffc6f620000 - 0x00007ffc6f6f7000 	C:\WINDOWS\System32\OLEAUT32.dll
0x00007ffc56250000 - 0x00007ffc56282000 	C:\WINDOWS\SYSTEM32\dbgcore.DLL
0x00007ffc6e6c0000 - 0x00007ffc6e73a000 	C:\WINDOWS\System32\bcryptPrimitives.dll
0x00007ffc56190000 - 0x00007ffc561b5000 	c:\Users\mohamed amine tebbin\.vscode\extensions\redhat.java-1.21.0-win32-x64\jre\17.0.7-win32-x86_64\bin\java.dll
0x00007ffc59300000 - 0x00007ffc59318000 	c:\Users\mohamed amine tebbin\.vscode\extensions\redhat.java-1.21.0-win32-x64\jre\17.0.7-win32-x86_64\bin\zip.dll
0x00007ffc6fb00000 - 0x00007ffc70316000 	C:\WINDOWS\System32\SHELL32.dll
0x00007ffc6c010000 - 0x00007ffc6c8fa000 	C:\WINDOWS\SYSTEM32\windows.storage.dll
0x00007ffc6bed0000 - 0x00007ffc6c00e000 	C:\WINDOWS\SYSTEM32\wintypes.dll
0x00007ffc70b10000 - 0x00007ffc70c03000 	C:\WINDOWS\System32\SHCORE.dll
0x00007ffc70c10000 - 0x00007ffc70c6e000 	C:\WINDOWS\System32\shlwapi.dll
0x00007ffc6dfc0000 - 0x00007ffc6dfe6000 	C:\WINDOWS\SYSTEM32\profapi.dll
0x00007ffc56820000 - 0x00007ffc56839000 	C:\Users\mohamed amine tebbin\.vscode\extensions\redhat.java-1.21.0-win32-x64\jre\17.0.7-win32-x86_64\bin\net.dll
0x00007ffc67800000 - 0x00007ffc67937000 	C:\WINDOWS\SYSTEM32\WINHTTP.dll
0x00007ffc6d5f0000 - 0x00007ffc6d659000 	C:\WINDOWS\system32\mswsock.dll
0x00007ffc4a6c0000 - 0x00007ffc4a6d5000 	C:\Users\mohamed amine tebbin\.vscode\extensions\redhat.java-1.21.0-win32-x64\jre\17.0.7-win32-x86_64\bin\nio.dll
0x00007ffc6d910000 - 0x00007ffc6d92b000 	C:\WINDOWS\SYSTEM32\CRYPTSP.dll
0x00007ffc6d0f0000 - 0x00007ffc6d125000 	C:\WINDOWS\system32\rsaenh.dll
0x00007ffc6d690000 - 0x00007ffc6d6bc000 	C:\WINDOWS\SYSTEM32\USERENV.dll
0x00007ffc6da50000 - 0x00007ffc6da78000 	C:\WINDOWS\SYSTEM32\bcrypt.dll
0x00007ffc6d8f0000 - 0x00007ffc6d8fc000 	C:\WINDOWS\SYSTEM32\CRYPTBASE.dll
0x00007ffc6cb60000 - 0x00007ffc6cb8d000 	C:\WINDOWS\SYSTEM32\IPHLPAPI.DLL
0x00007ffc6eee0000 - 0x00007ffc6eee9000 	C:\WINDOWS\System32\NSI.dll
0x00007ffc677a0000 - 0x00007ffc677b9000 	C:\WINDOWS\SYSTEM32\dhcpcsvc6.DLL
0x00007ffc67590000 - 0x00007ffc675af000 	C:\WINDOWS\SYSTEM32\dhcpcsvc.DLL
0x00007ffc6cbd0000 - 0x00007ffc6ccc3000 	C:\WINDOWS\SYSTEM32\DNSAPI.dll
0x00007ffc6afb0000 - 0x00007ffc6afb9000 	C:\Users\mohamed amine tebbin\.vscode\extensions\redhat.java-1.21.0-win32-x64\jre\17.0.7-win32-x86_64\bin\management.dll
0x00007ffc6aee0000 - 0x00007ffc6aeeb000 	C:\Users\mohamed amine tebbin\.vscode\extensions\redhat.java-1.21.0-win32-x64\jre\17.0.7-win32-x86_64\bin\management_ext.dll
0x00007ffc6eea0000 - 0x00007ffc6eea8000 	C:\WINDOWS\System32\PSAPI.DLL
0x00007ffc5b5f0000 - 0x00007ffc5b5fe000 	C:\Users\mohamed amine tebbin\.vscode\extensions\redhat.java-1.21.0-win32-x64\jre\17.0.7-win32-x86_64\bin\sunmscapi.dll
0x00007ffc6e7b0000 - 0x00007ffc6e917000 	C:\WINDOWS\System32\CRYPT32.dll
0x00007ffc6da20000 - 0x00007ffc6da4e000 	C:\WINDOWS\SYSTEM32\ncrypt.dll
0x00007ffc6d9e0000 - 0x00007ffc6da17000 	C:\WINDOWS\SYSTEM32\NTASN1.dll
0x00007ffc64f80000 - 0x00007ffc64f8a000 	C:\Windows\System32\rasadhlp.dll
0x00007ffc66da0000 - 0x00007ffc66e24000 	C:\WINDOWS\System32\fwpuclnt.dll
0x000000006c500000 - 0x000000006c5c7000 	C:\Users\mohamed amine tebbin\AppData\Local\Temp\snappy-1.1.8-d077bbc7-5acc-4ede-9c62-931261bda385-snappyjava.dll
0x00007ffc5bbf0000 - 0x00007ffc5bc00000 	c:\Users\mohamed amine tebbin\.vscode\extensions\redhat.java-1.21.0-win32-x64\jre\17.0.7-win32-x86_64\bin\verify.dll

dbghelp: loaded successfully - version: 4.0.5 - missing functions: none
symbol engine: initialized successfully - sym options: 0x614 - pdb path: .;c:\Users\mohamed amine tebbin\.vscode\extensions\redhat.java-1.21.0-win32-x64\jre\17.0.7-win32-x86_64\bin;C:\WINDOWS\SYSTEM32;C:\WINDOWS\WinSxS\amd64_microsoft.windows.common-controls_6595b64144ccf1df_6.0.22621.2070_none_2713e6537381f706;c:\Users\mohamed amine tebbin\.vscode\extensions\redhat.java-1.21.0-win32-x64\jre\17.0.7-win32-x86_64\bin\server;C:\Users\mohamed amine tebbin\AppData\Local\Temp

VM Arguments:
jvm_args: -XX:+HeapDumpOnOutOfMemoryError -Xmx1024m -Dsts.lsp.client=vscode -Dsts.log.file=/dev/null -XX:TieredStopAtLevel=1 -Xlog:jni+resolve=off -Dspring.config.location=file:c:\Users\mohamed amine tebbin\.vscode\extensions\vmware.vscode-spring-boot-1.47.0\language-server\BOOT-INF\classes\application.properties 
java_command: org.springframework.ide.vscode.boot.app.BootLanguageServerBootApp
java_class_path (initial): c:\Users\mohamed amine tebbin\.vscode\extensions\vmware.vscode-spring-boot-1.47.0\language-server\BOOT-INF\classes;c:\Users\mohamed amine tebbin\.vscode\extensions\vmware.vscode-spring-boot-1.47.0\language-server\BOOT-INF\lib\annotations-24.0.1.jar;c:\Users\mohamed amine tebbin\.vscode\extensions\vmware.vscode-spring-boot-1.47.0\language-server\BOOT-INF\lib\antlr-runtime-3.5.3.jar;c:\Users\mohamed amine tebbin\.vscode\extensions\vmware.vscode-spring-boot-1.47.0\language-server\BOOT-INF\lib\antlr4-4.11.1.jar;c:\Users\mohamed amine tebbin\.vscode\extensions\vmware.vscode-spring-boot-1.47.0\language-server\BOOT-INF\lib\antlr4-runtime-4.11.1.jar;c:\Users\mohamed amine tebbin\.vscode\extensions\vmware.vscode-spring-boot-1.47.0\language-server\BOOT-INF\lib\aopalliance-1.0.jar;c:\Users\mohamed amine tebbin\.vscode\extensions\vmware.vscode-spring-boot-1.47.0\language-server\BOOT-INF\lib\asm-9.5.jar;c:\Users\mohamed amine tebbin\.vscode\extensions\vmware.vscode-spring-boot-1.47.0\language-server\BOOT-INF\lib\asm-analysis-9.5.jar;c:\Users\mohamed amine tebbin\.vscode\extensions\vmware.vscode-spring-boot-1.47.0\language-server\BOOT-INF\lib\asm-tree-9.5.jar;c:\Users\mohamed amine tebbin\.vscode\extensions\vmware.vscode-spring-boot-1.47.0\language-server\BOOT-INF\lib\asm-util-9.5.jar;c:\Users\mohamed amine tebbin\.vscode\extensions\vmware.vscode-spring-boot-1.47.0\language-server\BOOT-INF\lib\auto-common-1.2.1.jar;c:\Users\mohamed amine tebbin\.vscode\extensions\vmware.vscode-spring-boot-1.47.0\language-server\BOOT-INF\lib\auto-value-annotations-1.9.jar;c:\Users\mohamed amine tebbin\.vscode\extensions\vmware.vscode-spring-boot-1.47.0\language-server\BOOT-INF\lib\caffeine-3.1.2.jar;c:\Users\mohamed amine tebbin\.vscode\extensions\vmware.vscode-spring-boot-1.47.0\language-server\BOOT-INF\lib\checker-qual-3.12.0.jar;c:\Users\mohamed amine tebbin\.vscode\extensions\vmware.vscode-spring-boot-1.47.0\language-server\BOOT-INF\lib\classgraph-4.8.149.jar;c:\Us
Launcher Type: SUN_STANDARD

[Global flags]
     intx CICompilerCount                          = 4                                         {product} {ergonomic}
     uint ConcGCThreads                            = 2                                         {product} {ergonomic}
     uint G1ConcRefinementThreads                  = 8                                         {product} {ergonomic}
   size_t G1HeapRegionSize                         = 1048576                                   {product} {ergonomic}
    uintx GCDrainStackTargetSize                   = 64                                        {product} {ergonomic}
     bool HeapDumpOnOutOfMemoryError               = true                                   {manageable} {command line}
   size_t InitialHeapSize                          = 266338304                                 {product} {ergonomic}
   size_t MarkStackSize                            = 4194304                                   {product} {ergonomic}
   size_t MaxHeapSize                              = 1073741824                                {product} {command line}
   size_t MaxNewSize                               = 643825664                                 {product} {ergonomic}
   size_t MinHeapDeltaBytes                        = 1048576                                   {product} {ergonomic}
   size_t MinHeapSize                              = 8388608                                   {product} {ergonomic}
    uintx NonProfiledCodeHeapSize                  = 0                                      {pd product} {ergonomic}
     bool ProfileInterpreter                       = false                                  {pd product} {command line}
    uintx ProfiledCodeHeapSize                     = 0                                      {pd product} {ergonomic}
   size_t SoftMaxHeapSize                          = 1073741824                             {manageable} {ergonomic}
     intx TieredStopAtLevel                        = 1                                         {product} {command line}
     bool UseCompressedClassPointers               = true                           {product lp64_product} {ergonomic}
     bool UseCompressedOops                        = true                           {product lp64_product} {ergonomic}
     bool UseG1GC                                  = true                                      {product} {ergonomic}
     bool UseLargePagesIndividualAllocation        = false                                  {pd product} {ergonomic}

Logging:
Log output configuration:
 #0: stdout all=warning,jni+resolve=off uptime,level,tags
 #1: stderr all=off uptime,level,tags

Environment Variables:
PATH=C:\oraclexe\app\oracle\product\10.2.0\server\bin;C:\Program Files\Common Files\Oracle\Java\javapath;C:\Program Files (x86)\Common Files\Oracle\Java\javapath;C:\ProgramData\Oracle\Java\javapath;C:\Windows\system32;C:\Windows;C:\Windows\System32\Wbem;C:\Windows\System32\WindowsPowerShell\v1.0\;C:\Windows\System32\OpenSSH\;C:\Program Files\NVIDIA Corporation\NVIDIA NvDLISR;C:\Program Files (x86)\NVIDIA Corporation\PhysX\Common;C:\WINDOWS\system32;C:\WINDOWS;C:\WINDOWS\System32\Wbem;C:\WINDOWS\System32\WindowsPowerShell\v1.0\;C:\WINDOWS\System32\OpenSSH\;D:\dev\android-sdk;C:\Users\mohamed amine tebbin\AppData\Local\Programs\Python\Python310;C:\Users\mohamed amine tebbin\AppData\Local\Packages\PythonSoftwareFoundation.Python.3.10_qbz5n2kfra8p0\LocalCache\local-packages\Python310\Scripts;C:\Users\mohamed amine tebbin\AppData\Local\Microsoft\WindowsApps\PythonSoftwareFoundation.Python.3.10_qbz5n2kfra8p0\python.exe -m pip install --upgrade pip;C:\ProgramData\chocolatey\bin;C:\Program Files\Microsoft SQL Server\Client SDK\ODBC\170\Tools\Binn\;C:\Program Files (x86)\Microsoft SQL Server\150\Tools\Binn\;C:\Program Files\Microsoft SQL Server\150\Tools\Binn\;C:\Program Files\Microsoft SQL Server\150\DTS\Binn\;C:\Program Files\Git\cmd;C:\nodejs\;C:\Program Files\dotnet\;C:\Users\mohamed amine tebbin\AppData\Local\Programs\Python\Python311\Scripts\;C:\Users\mohamed amine tebbin\AppData\Local\Programs\Python\Python311\;C:\Program Files\MySQL\MySQL Shell 8.0\bin\;C:\Users\mohamed amine tebbin\AppData\Local\Microsoft\WindowsApps;D:\PyCharm 2021.3.3\bin;;C:\Users\mohamed amine tebbin\AppData\Local\Programs\Microsoft VS Code\bin;D:\dev\flutter\bin;D:\dev\android-sdk;C:\Users\mohamed amine tebbin\AppData\Local\Programs\Python\Python310;C:\Users\mohamed amine tebbin\AppData\Local\Packages\PythonSoftwareFoundation.Python.3.10_qbz5n2kfra8p0\LocalCache\local-packages\Python310\Scripts;C:\Users\mohamed amine tebbin\AppData\Local\Microsoft\WindowsApps\PythonSoftwareFoundation.Python.3.10_q
USERNAME=mohamed amine tebbin
OS=Windows_NT
PROCESSOR_IDENTIFIER=Intel64 Family 6 Model 165 Stepping 2, GenuineIntel
TMP=C:\Users\mohamed amine tebbin\AppData\Local\Temp
TEMP=C:\Users\mohamed amine tebbin\AppData\Local\Temp



---------------  S Y S T E M  ---------------

OS:
 Windows 11 , 64 bit Build 22621 (10.0.22621.2070)
OS uptime: 2 days 0:18 hours
Hyper-V role detected

CPU: total 8 (initial active 8) (4 cores per cpu, 2 threads per core) family 6 model 165 stepping 2 microcode 0xec, cx8, cmov, fxsr, ht, mmx, 3dnowpref, sse, sse2, sse3, ssse3, sse4.1, sse4.2, popcnt, lzcnt, tsc, tscinvbit, avx, avx2, aes, erms, clmul, bmi1, bmi2, adx, fma, vzeroupper, clflush, clflushopt, hv

Memory: 4k page, system-wide physical 16251M (467M free)
TotalPageFile size 22251M (AvailPageFile size 8M)
current process WorkingSet (physical memory assigned to process): 558M, peak: 1420M
current process commit charge ("private bytes"): 551M, peak: 1337M

vm_info: OpenJDK 64-Bit Server VM (17.0.7+7) for windows-amd64 JRE (17.0.7+7), built on Apr 18 2023 22:10:42 by "temurin" with MS VC++ 16.7 (VS2019)

END.
